TpTrace Verbose: 0 : 40752, 1, 2023/06/02, 11:55:39.059, 3589882165141, vstest.console.dll, Version: 17.5.0-release-20221220-01 Current process architecture: X64
TpTrace Verbose: 0 : 40752, 1, 2023/06/02, 11:55:39.061, 3589882183691, vstest.console.dll, Runtime location: C:\Program Files\dotnet\shared\Microsoft.NETCore.App\7.0.5
TpTrace Verbose: 0 : 40752, 1, 2023/06/02, 11:55:39.063, 3589882208743, vstest.console.dll, ArtifactProcessingPostProcessModeProcessorExecutor.Initialize: ArtifactProcessingMode.Collect
TpTrace Verbose: 0 : 40752, 1, 2023/06/02, 11:55:39.063, 3589882209885, vstest.console.dll, TestSessionCorrelationIdProcessorModeProcessorExecutor.Initialize: TestSessionCorrelationId '36492_01809421-053f-4d7f-a9e4-9ca60a86f953'
TpTrace Information: 0 : 40752, 1, 2023/06/02, 11:55:39.074, 3589882317755, vstest.console.dll, FilePatternParser: The given file C:\Users\sebas\OneDrive\Skrivbord\Högskolan\mjuktest\labb6ochovrigt\GMI24H_Algoritmer_och_mjukvarudesign\Labb_6\Labb6\TestProject1\bin\Debug\fine-code-coverage-net7.0\TestProject1.dll is a full path.
TpTrace Verbose: 0 : 40752, 1, 2023/06/02, 11:55:39.080, 3589882374567, vstest.console.dll, TestPluginCache.DiscoverTestExtensions: finding test extensions in assemblies ends with: RuntimeProvider.dll TPluginInfo: Microsoft.VisualStudio.TestPlatform.Common.ExtensionFramework.Utilities.TestRuntimePluginInformation TExtension: Microsoft.VisualStudio.TestPlatform.ObjectModel.Host.ITestRuntimeProvider
TpTrace Verbose: 0 : 40752, 1, 2023/06/02, 11:55:39.080, 3589882378177, vstest.console.dll, TestPluginCache.GetExtensionPaths: Filtered extension paths: 
TpTrace Verbose: 0 : 40752, 1, 2023/06/02, 11:55:39.080, 3589882379048, vstest.console.dll, TestPluginCache.GetExtensionPaths: Added default extension paths: C:\Program Files\dotnet\sdk\7.0.203\Extensions\Microsoft.Diagnostics.NETCore.Client.dll
C:\Program Files\dotnet\sdk\7.0.203\Extensions\Microsoft.TestPlatform.Extensions.BlameDataCollector.dll
C:\Program Files\dotnet\sdk\7.0.203\Extensions\Microsoft.TestPlatform.Extensions.EventLogCollector.dll
C:\Program Files\dotnet\sdk\7.0.203\Extensions\Microsoft.TestPlatform.TestHostRuntimeProvider.dll
C:\Program Files\dotnet\sdk\7.0.203\Extensions\Microsoft.VisualStudio.TestPlatform.Extensions.Html.TestLogger.dll
C:\Program Files\dotnet\sdk\7.0.203\Extensions\Microsoft.VisualStudio.TestPlatform.Extensions.Trx.TestLogger.dll
TpTrace Verbose: 0 : 40752, 1, 2023/06/02, 11:55:39.080, 3589882379402, vstest.console.dll, TestPluginCache.GetExtensionPaths: Added unfilterableExtensionPaths: 
TpTrace Information: 0 : 40752, 1, 2023/06/02, 11:55:39.081, 3589882387135, vstest.console.dll, AssemblyResolver.ctor: Creating AssemblyResolver with searchDirectories C:\Program Files\dotnet\sdk\7.0.203\Extensions,C:\Program Files\dotnet\sdk\7.0.203
TpTrace Verbose: 0 : 40752, 1, 2023/06/02, 11:55:39.082, 3589882397567, vstest.console.dll, TestPluginCache.DiscoverTestExtensions: Discovering the extensions using extension path.
TpTrace Verbose: 0 : 40752, 1, 2023/06/02, 11:55:39.082, 3589882398542, vstest.console.dll, TestPluginCache.GetExtensionPaths: Filtered extension paths: 
TpTrace Verbose: 0 : 40752, 1, 2023/06/02, 11:55:39.082, 3589882398952, vstest.console.dll, TestPluginCache.GetExtensionPaths: Added default extension paths: C:\Program Files\dotnet\sdk\7.0.203\Extensions\Microsoft.Diagnostics.NETCore.Client.dll
C:\Program Files\dotnet\sdk\7.0.203\Extensions\Microsoft.TestPlatform.Extensions.BlameDataCollector.dll
C:\Program Files\dotnet\sdk\7.0.203\Extensions\Microsoft.TestPlatform.Extensions.EventLogCollector.dll
C:\Program Files\dotnet\sdk\7.0.203\Extensions\Microsoft.TestPlatform.TestHostRuntimeProvider.dll
C:\Program Files\dotnet\sdk\7.0.203\Extensions\Microsoft.VisualStudio.TestPlatform.Extensions.Html.TestLogger.dll
C:\Program Files\dotnet\sdk\7.0.203\Extensions\Microsoft.VisualStudio.TestPlatform.Extensions.Trx.TestLogger.dll
TpTrace Verbose: 0 : 40752, 1, 2023/06/02, 11:55:39.082, 3589882399236, vstest.console.dll, TestPluginCache.GetExtensionPaths: Added unfilterableExtensionPaths: 
TpTrace Verbose: 0 : 40752, 1, 2023/06/02, 11:55:39.082, 3589882400526, vstest.console.dll, TestPluginCache.DiscoverTestExtensions: Discovering the extensions using allExtensionPaths: C:\Program Files\dotnet\sdk\7.0.203\Extensions\Microsoft.Diagnostics.NETCore.Client.dll
C:\Program Files\dotnet\sdk\7.0.203\Extensions\Microsoft.TestPlatform.Extensions.BlameDataCollector.dll
C:\Program Files\dotnet\sdk\7.0.203\Extensions\Microsoft.TestPlatform.Extensions.EventLogCollector.dll
C:\Program Files\dotnet\sdk\7.0.203\Extensions\Microsoft.TestPlatform.TestHostRuntimeProvider.dll
C:\Program Files\dotnet\sdk\7.0.203\Extensions\Microsoft.VisualStudio.TestPlatform.Extensions.Html.TestLogger.dll
C:\Program Files\dotnet\sdk\7.0.203\Extensions\Microsoft.VisualStudio.TestPlatform.Extensions.Trx.TestLogger.dll
TpTrace Information: 0 : 40752, 1, 2023/06/02, 11:55:39.083, 3589882401941, vstest.console.dll, AssemblyResolver.AddSearchDirectories: Adding more searchDirectories C:\Program Files\dotnet\sdk\7.0.203\Extensions,C:\Program Files\dotnet\sdk\7.0.203
TpTrace Information: 0 : 40752, 1, 2023/06/02, 11:55:39.083, 3589882402644, vstest.console.dll, AssemblyResolver.AddSearchDirectories: Adding more searchDirectories C:\Program Files\dotnet\sdk\7.0.203\Extensions,C:\Program Files\dotnet\sdk\7.0.203
TpTrace Information: 0 : 40752, 1, 2023/06/02, 11:55:39.083, 3589882402993, vstest.console.dll, AssemblyResolver.AddSearchDirectories: Adding more searchDirectories C:\Program Files\dotnet\sdk\7.0.203\Extensions,C:\Program Files\dotnet\sdk\7.0.203
TpTrace Information: 0 : 40752, 1, 2023/06/02, 11:55:39.083, 3589882403273, vstest.console.dll, AssemblyResolver.AddSearchDirectories: Adding more searchDirectories C:\Program Files\dotnet\sdk\7.0.203\Extensions,C:\Program Files\dotnet\sdk\7.0.203
TpTrace Information: 0 : 40752, 1, 2023/06/02, 11:55:39.083, 3589882403542, vstest.console.dll, AssemblyResolver.AddSearchDirectories: Adding more searchDirectories C:\Program Files\dotnet\sdk\7.0.203\Extensions,C:\Program Files\dotnet\sdk\7.0.203
TpTrace Information: 0 : 40752, 1, 2023/06/02, 11:55:39.083, 3589882403856, vstest.console.dll, AssemblyResolver.AddSearchDirectories: Adding more searchDirectories C:\Program Files\dotnet\sdk\7.0.203\Extensions,C:\Program Files\dotnet\sdk\7.0.203
TpTrace Information: 0 : 40752, 1, 2023/06/02, 11:55:39.083, 3589882407385, vstest.console.dll, AssemblyResolver.OnResolve: Microsoft.Diagnostics.NETCore.Client: Resolving assembly.
TpTrace Information: 0 : 40752, 1, 2023/06/02, 11:55:39.083, 3589882408209, vstest.console.dll, AssemblyResolver.OnResolve: Microsoft.Diagnostics.NETCore.Client: Searching in: 'C:\Program Files\dotnet\sdk\7.0.203\Extensions'.
TpTrace Information: 0 : 40752, 1, 2023/06/02, 11:55:39.090, 3589882474526, vstest.console.dll, AssemblyResolver.OnResolve: Microsoft.Diagnostics.NETCore.Client: Loading assembly 'C:\Program Files\dotnet\sdk\7.0.203\Extensions\Microsoft.Diagnostics.NETCore.Client.dll'.
TpTrace Information: 0 : 40752, 1, 2023/06/02, 11:55:39.090, 3589882481222, vstest.console.dll, AssemblyResolver.OnResolve: Resolved assembly: Microsoft.Diagnostics.NETCore.Client, from path: C:\Program Files\dotnet\sdk\7.0.203\Extensions\Microsoft.Diagnostics.NETCore.Client.dll
TpTrace Verbose: 0 : 40752, 1, 2023/06/02, 11:55:39.091, 3589882491125, vstest.console.dll, MetadataReaderExtensionsHelper: Discovering extensions inside assembly 'Microsoft.Diagnostics.NETCore.Client, Version=0.2.6.42401, Culture=neutral, PublicKeyToken=31bf3856ad364e35' file path 'C:\Program Files\dotnet\sdk\7.0.203\Extensions\Microsoft.Diagnostics.NETCore.Client.dll'
TpTrace Information: 0 : 40752, 1, 2023/06/02, 11:55:39.095, 3589882527770, vstest.console.dll, AssemblyResolver.OnResolve: Microsoft.Bcl.AsyncInterfaces: Resolving assembly.
TpTrace Information: 0 : 40752, 1, 2023/06/02, 11:55:39.095, 3589882528760, vstest.console.dll, AssemblyResolver.OnResolve: Microsoft.Bcl.AsyncInterfaces: Searching in: 'C:\Program Files\dotnet\sdk\7.0.203\Extensions'.
TpTrace Information: 0 : 40752, 1, 2023/06/02, 11:55:39.095, 3589882529449, vstest.console.dll, AssemblyResolver.OnResolve: Microsoft.Bcl.AsyncInterfaces: Assembly path does not exist: 'C:\Program Files\dotnet\sdk\7.0.203\Extensions\Microsoft.Bcl.AsyncInterfaces.dll', returning.
TpTrace Information: 0 : 40752, 1, 2023/06/02, 11:55:39.095, 3589882530442, vstest.console.dll, AssemblyResolver.OnResolve: Microsoft.Bcl.AsyncInterfaces: Assembly path does not exist: 'C:\Program Files\dotnet\sdk\7.0.203\Extensions\Microsoft.Bcl.AsyncInterfaces.exe', returning.
TpTrace Information: 0 : 40752, 1, 2023/06/02, 11:55:39.095, 3589882530783, vstest.console.dll, AssemblyResolver.OnResolve: Microsoft.Bcl.AsyncInterfaces: Searching in: 'C:\Program Files\dotnet\sdk\7.0.203'.
TpTrace Information: 0 : 40752, 1, 2023/06/02, 11:55:39.095, 3589882531320, vstest.console.dll, AssemblyResolver.OnResolve: Microsoft.Bcl.AsyncInterfaces: Assembly path does not exist: 'C:\Program Files\dotnet\sdk\7.0.203\Microsoft.Bcl.AsyncInterfaces.dll', returning.
TpTrace Information: 0 : 40752, 1, 2023/06/02, 11:55:39.096, 3589882531824, vstest.console.dll, AssemblyResolver.OnResolve: Microsoft.Bcl.AsyncInterfaces: Assembly path does not exist: 'C:\Program Files\dotnet\sdk\7.0.203\Microsoft.Bcl.AsyncInterfaces.exe', returning.
TpTrace Information: 0 : 40752, 1, 2023/06/02, 11:55:39.096, 3589882532137, vstest.console.dll, AssemblyResolver.OnResolve: Microsoft.Bcl.AsyncInterfaces: Failed to load assembly.
TpTrace Verbose: 0 : 40752, 1, 2023/06/02, 11:55:39.096, 3589882532472, vstest.console.dll, CurrentDomainAssemblyResolve: Resolving assembly 'Microsoft.Bcl.AsyncInterfaces'.
TpTrace Information: 0 : 40752, 1, 2023/06/02, 11:55:39.096, 3589882533000, vstest.console.dll, AssemblyResolver.OnResolve: Microsoft.Bcl.AsyncInterfaces: Resolving assembly.
TpTrace Information: 0 : 40752, 1, 2023/06/02, 11:55:39.096, 3589882533366, vstest.console.dll, AssemblyResolver.OnResolve: Microsoft.Bcl.AsyncInterfaces: Resolved from cache.
TpTrace Verbose: 0 : 40752, 1, 2023/06/02, 11:55:39.096, 3589882533706, vstest.console.dll, CurrentDomainAssemblyResolve: Resolving assembly 'Microsoft.Bcl.AsyncInterfaces'.
TpTrace Verbose: 0 : 40752, 1, 2023/06/02, 11:55:39.096, 3589882534087, vstest.console.dll, CurrentDomainAssemblyResolve: Failed to resolve assembly 'Microsoft.Bcl.AsyncInterfaces'.
TpTrace Verbose: 0 : 40752, 1, 2023/06/02, 11:55:39.096, 3589882539820, vstest.console.dll, CurrentDomainAssemblyResolve: Failed to resolve assembly 'Microsoft.Bcl.AsyncInterfaces'.
TpTrace Warning: 0 : 40752, 1, 2023/06/02, 11:55:39.102, 3589882597171, vstest.console.dll, TestPluginDiscoverer: Failed to get types from assembly 'Microsoft.Diagnostics.NETCore.Client, Version=0.2.6.42401, Culture=neutral, PublicKeyToken=31bf3856ad364e35'. Error: System.Reflection.ReflectionTypeLoadException: Unable to load one or more of the requested types.
Could not load file or assembly 'Microsoft.Bcl.AsyncInterfaces, Version=1.0.0.0, Culture=neutral, PublicKeyToken=cc7b13ffcd2ddd51'. Det går inte att hitta filen.
   at System.Reflection.RuntimeModule.GetTypes(RuntimeModule module)
   at System.Reflection.Assembly.GetTypes()
   at Microsoft.VisualStudio.TestPlatform.Common.ExtensionFramework.TestPluginDiscoverer.GetTestExtensionsFromAssembly[TPluginInfo,TExtension](Assembly assembly, Dictionary`2 pluginInfos, String filePath)
System.IO.FileNotFoundException: Could not load file or assembly 'Microsoft.Bcl.AsyncInterfaces, Version=1.0.0.0, Culture=neutral, PublicKeyToken=cc7b13ffcd2ddd51'. Det går inte att hitta filen.
File name: 'Microsoft.Bcl.AsyncInterfaces, Version=1.0.0.0, Culture=neutral, PublicKeyToken=cc7b13ffcd2ddd51'
 ---> System.IO.FileNotFoundException: Could not load file or assembly 'Microsoft.Bcl.AsyncInterfaces, Culture=neutral, PublicKeyToken=null'. Det går inte att hitta filen.
File name: 'Microsoft.Bcl.AsyncInterfaces, Culture=neutral, PublicKeyToken=null'
   at System.Reflection.RuntimeAssembly.InternalLoad(AssemblyName assemblyName, StackCrawlMark& stackMark, AssemblyLoadContext assemblyLoadContext, RuntimeAssembly requestingAssembly, Boolean throwOnFileNotFound)
   at System.Reflection.Assembly.Load(AssemblyName assemblyRef)
   at Microsoft.VisualStudio.TestPlatform.Common.ExtensionFramework.TestPluginCache.CurrentDomainAssemblyResolve(Object sender, AssemblyResolveEventArgs args)
   at System.Runtime.Loader.AssemblyLoadContext.GetFirstResolvedAssemblyFromResolvingEvent(AssemblyName assemblyName)
   at System.Runtime.Loader.AssemblyLoadContext.ResolveUsingEvent(AssemblyName assemblyName)
   at System.Runtime.Loader.AssemblyLoadContext.ResolveUsingResolvingEvent(IntPtr gchManagedAssemblyLoadContext, AssemblyName assemblyName)
TpTrace Warning: 0 : 40752, 1, 2023/06/02, 11:55:39.103, 3589882601541, vstest.console.dll, LoaderExceptions: System.IO.FileNotFoundException: Could not load file or assembly 'Microsoft.Bcl.AsyncInterfaces, Version=1.0.0.0, Culture=neutral, PublicKeyToken=cc7b13ffcd2ddd51'. Det går inte att hitta filen.
File name: 'Microsoft.Bcl.AsyncInterfaces, Version=1.0.0.0, Culture=neutral, PublicKeyToken=cc7b13ffcd2ddd51'
 ---> System.IO.FileNotFoundException: Could not load file or assembly 'Microsoft.Bcl.AsyncInterfaces, Culture=neutral, PublicKeyToken=null'. Det går inte att hitta filen.
File name: 'Microsoft.Bcl.AsyncInterfaces, Culture=neutral, PublicKeyToken=null'
   at System.Reflection.RuntimeAssembly.InternalLoad(AssemblyName assemblyName, StackCrawlMark& stackMark, AssemblyLoadContext assemblyLoadContext, RuntimeAssembly requestingAssembly, Boolean throwOnFileNotFound)
   at System.Reflection.Assembly.Load(AssemblyName assemblyRef)
   at Microsoft.VisualStudio.TestPlatform.Common.ExtensionFramework.TestPluginCache.CurrentDomainAssemblyResolve(Object sender, AssemblyResolveEventArgs args)
   at System.Runtime.Loader.AssemblyLoadContext.GetFirstResolvedAssemblyFromResolvingEvent(AssemblyName assemblyName)
   at System.Runtime.Loader.AssemblyLoadContext.ResolveUsingEvent(AssemblyName assemblyName)
   at System.Runtime.Loader.AssemblyLoadContext.ResolveUsingResolvingEvent(IntPtr gchManagedAssemblyLoadContext, AssemblyName assemblyName)
TpTrace Information: 0 : 40752, 1, 2023/06/02, 11:55:39.103, 3589882603261, vstest.console.dll, AssemblyResolver.OnResolve: Microsoft.TestPlatform.Extensions.BlameDataCollector: Resolving assembly.
TpTrace Information: 0 : 40752, 1, 2023/06/02, 11:55:39.103, 3589882603761, vstest.console.dll, AssemblyResolver.OnResolve: Microsoft.TestPlatform.Extensions.BlameDataCollector: Searching in: 'C:\Program Files\dotnet\sdk\7.0.203\Extensions'.
TpTrace Information: 0 : 40752, 1, 2023/06/02, 11:55:39.103, 3589882608965, vstest.console.dll, AssemblyResolver.OnResolve: Microsoft.TestPlatform.Extensions.BlameDataCollector: Loading assembly 'C:\Program Files\dotnet\sdk\7.0.203\Extensions\Microsoft.TestPlatform.Extensions.BlameDataCollector.dll'.
TpTrace Information: 0 : 40752, 1, 2023/06/02, 11:55:39.104, 3589882614255, vstest.console.dll, AssemblyResolver.OnResolve: Resolved assembly: Microsoft.TestPlatform.Extensions.BlameDataCollector, from path: C:\Program Files\dotnet\sdk\7.0.203\Extensions\Microsoft.TestPlatform.Extensions.BlameDataCollector.dll
TpTrace Verbose: 0 : 40752, 1, 2023/06/02, 11:55:39.104, 3589882615124, vstest.console.dll, MetadataReaderExtensionsHelper: Discovering extensions inside assembly 'Microsoft.TestPlatform.Extensions.BlameDataCollector, Version=15.0.0.0, Culture=neutral, PublicKeyToken=b03f5f7f11d50a3a' file path 'C:\Program Files\dotnet\sdk\7.0.203\Extensions\Microsoft.TestPlatform.Extensions.BlameDataCollector.dll'
TpTrace Information: 0 : 40752, 1, 2023/06/02, 11:55:39.106, 3589882634889, vstest.console.dll, AssemblyResolver.OnResolve: Microsoft.TestPlatform.Extensions.EventLogCollector: Resolving assembly.
TpTrace Information: 0 : 40752, 1, 2023/06/02, 11:55:39.106, 3589882635705, vstest.console.dll, AssemblyResolver.OnResolve: Microsoft.TestPlatform.Extensions.EventLogCollector: Searching in: 'C:\Program Files\dotnet\sdk\7.0.203\Extensions'.
TpTrace Information: 0 : 40752, 1, 2023/06/02, 11:55:39.106, 3589882640130, vstest.console.dll, AssemblyResolver.OnResolve: Microsoft.TestPlatform.Extensions.EventLogCollector: Loading assembly 'C:\Program Files\dotnet\sdk\7.0.203\Extensions\Microsoft.TestPlatform.Extensions.EventLogCollector.dll'.
TpTrace Information: 0 : 40752, 1, 2023/06/02, 11:55:39.107, 3589882644829, vstest.console.dll, AssemblyResolver.OnResolve: Resolved assembly: Microsoft.TestPlatform.Extensions.EventLogCollector, from path: C:\Program Files\dotnet\sdk\7.0.203\Extensions\Microsoft.TestPlatform.Extensions.EventLogCollector.dll
TpTrace Verbose: 0 : 40752, 1, 2023/06/02, 11:55:39.107, 3589882645442, vstest.console.dll, MetadataReaderExtensionsHelper: Discovering extensions inside assembly 'Microsoft.TestPlatform.Extensions.EventLogCollector, Version=15.0.0.0, Culture=neutral, PublicKeyToken=b03f5f7f11d50a3a' file path 'C:\Program Files\dotnet\sdk\7.0.203\Extensions\Microsoft.TestPlatform.Extensions.EventLogCollector.dll'
TpTrace Information: 0 : 40752, 1, 2023/06/02, 11:55:39.109, 3589882662091, vstest.console.dll, AssemblyResolver.OnResolve: Microsoft.TestPlatform.TestHostRuntimeProvider: Resolving assembly.
TpTrace Information: 0 : 40752, 1, 2023/06/02, 11:55:39.109, 3589882662743, vstest.console.dll, AssemblyResolver.OnResolve: Microsoft.TestPlatform.TestHostRuntimeProvider: Searching in: 'C:\Program Files\dotnet\sdk\7.0.203\Extensions'.
TpTrace Information: 0 : 40752, 1, 2023/06/02, 11:55:39.109, 3589882666060, vstest.console.dll, AssemblyResolver.OnResolve: Microsoft.TestPlatform.TestHostRuntimeProvider: Loading assembly 'C:\Program Files\dotnet\sdk\7.0.203\Extensions\Microsoft.TestPlatform.TestHostRuntimeProvider.dll'.
TpTrace Information: 0 : 40752, 1, 2023/06/02, 11:55:39.109, 3589882669646, vstest.console.dll, AssemblyResolver.OnResolve: Resolved assembly: Microsoft.TestPlatform.TestHostRuntimeProvider, from path: C:\Program Files\dotnet\sdk\7.0.203\Extensions\Microsoft.TestPlatform.TestHostRuntimeProvider.dll
TpTrace Verbose: 0 : 40752, 1, 2023/06/02, 11:55:39.109, 3589882670182, vstest.console.dll, MetadataReaderExtensionsHelper: Discovering extensions inside assembly 'Microsoft.TestPlatform.TestHostRuntimeProvider, Version=15.0.0.0, Culture=neutral, PublicKeyToken=b03f5f7f11d50a3a' file path 'C:\Program Files\dotnet\sdk\7.0.203\Extensions\Microsoft.TestPlatform.TestHostRuntimeProvider.dll'
TpTrace Information: 0 : 40752, 1, 2023/06/02, 11:55:39.111, 3589882685391, vstest.console.dll, GetTestExtensionFromType: Register extension with identifier data 'HostProvider://DefaultTestHost' and type 'Microsoft.VisualStudio.TestPlatform.CrossPlatEngine.Hosting.DefaultTestHostManager, Microsoft.TestPlatform.TestHostRuntimeProvider, Version=15.0.0.0, Culture=neutral, PublicKeyToken=b03f5f7f11d50a3a' inside file 'C:\Program Files\dotnet\sdk\7.0.203\Extensions\Microsoft.TestPlatform.TestHostRuntimeProvider.dll'
TpTrace Information: 0 : 40752, 1, 2023/06/02, 11:55:39.111, 3589882687306, vstest.console.dll, GetTestExtensionFromType: Register extension with identifier data 'HostProvider://DotnetTestHost' and type 'Microsoft.VisualStudio.TestPlatform.CrossPlatEngine.Hosting.DotnetTestHostManager, Microsoft.TestPlatform.TestHostRuntimeProvider, Version=15.0.0.0, Culture=neutral, PublicKeyToken=b03f5f7f11d50a3a' inside file 'C:\Program Files\dotnet\sdk\7.0.203\Extensions\Microsoft.TestPlatform.TestHostRuntimeProvider.dll'
TpTrace Information: 0 : 40752, 1, 2023/06/02, 11:55:39.111, 3589882687986, vstest.console.dll, AssemblyResolver.OnResolve: Microsoft.VisualStudio.TestPlatform.Extensions.Html.TestLogger: Resolving assembly.
TpTrace Information: 0 : 40752, 1, 2023/06/02, 11:55:39.111, 3589882688390, vstest.console.dll, AssemblyResolver.OnResolve: Microsoft.VisualStudio.TestPlatform.Extensions.Html.TestLogger: Searching in: 'C:\Program Files\dotnet\sdk\7.0.203\Extensions'.
TpTrace Information: 0 : 40752, 1, 2023/06/02, 11:55:39.112, 3589882692008, vstest.console.dll, AssemblyResolver.OnResolve: Microsoft.VisualStudio.TestPlatform.Extensions.Html.TestLogger: Loading assembly 'C:\Program Files\dotnet\sdk\7.0.203\Extensions\Microsoft.VisualStudio.TestPlatform.Extensions.Html.TestLogger.dll'.
TpTrace Information: 0 : 40752, 1, 2023/06/02, 11:55:39.112, 3589882696458, vstest.console.dll, AssemblyResolver.OnResolve: Resolved assembly: Microsoft.VisualStudio.TestPlatform.Extensions.Html.TestLogger, from path: C:\Program Files\dotnet\sdk\7.0.203\Extensions\Microsoft.VisualStudio.TestPlatform.Extensions.Html.TestLogger.dll
TpTrace Verbose: 0 : 40752, 1, 2023/06/02, 11:55:39.112, 3589882697116, vstest.console.dll, MetadataReaderExtensionsHelper: Discovering extensions inside assembly 'Microsoft.VisualStudio.TestPlatform.Extensions.Html.TestLogger, Version=15.0.0.0, Culture=neutral, PublicKeyToken=b03f5f7f11d50a3a' file path 'C:\Program Files\dotnet\sdk\7.0.203\Extensions\Microsoft.VisualStudio.TestPlatform.Extensions.Html.TestLogger.dll'
TpTrace Information: 0 : 40752, 1, 2023/06/02, 11:55:39.113, 3589882704552, vstest.console.dll, AssemblyResolver.OnResolve: Microsoft.VisualStudio.TestPlatform.Extensions.Trx.TestLogger: Resolving assembly.
TpTrace Information: 0 : 40752, 1, 2023/06/02, 11:55:39.113, 3589882705129, vstest.console.dll, AssemblyResolver.OnResolve: Microsoft.VisualStudio.TestPlatform.Extensions.Trx.TestLogger: Searching in: 'C:\Program Files\dotnet\sdk\7.0.203\Extensions'.
TpTrace Information: 0 : 40752, 1, 2023/06/02, 11:55:39.113, 3589882708090, vstest.console.dll, AssemblyResolver.OnResolve: Microsoft.VisualStudio.TestPlatform.Extensions.Trx.TestLogger: Loading assembly 'C:\Program Files\dotnet\sdk\7.0.203\Extensions\Microsoft.VisualStudio.TestPlatform.Extensions.Trx.TestLogger.dll'.
TpTrace Information: 0 : 40752, 1, 2023/06/02, 11:55:39.114, 3589882712209, vstest.console.dll, AssemblyResolver.OnResolve: Resolved assembly: Microsoft.VisualStudio.TestPlatform.Extensions.Trx.TestLogger, from path: C:\Program Files\dotnet\sdk\7.0.203\Extensions\Microsoft.VisualStudio.TestPlatform.Extensions.Trx.TestLogger.dll
TpTrace Verbose: 0 : 40752, 1, 2023/06/02, 11:55:39.114, 3589882712802, vstest.console.dll, MetadataReaderExtensionsHelper: Discovering extensions inside assembly 'Microsoft.VisualStudio.TestPlatform.Extensions.Trx.TestLogger, Version=15.0.0.0, Culture=neutral, PublicKeyToken=b03f5f7f11d50a3a' file path 'C:\Program Files\dotnet\sdk\7.0.203\Extensions\Microsoft.VisualStudio.TestPlatform.Extensions.Trx.TestLogger.dll'
TpTrace Verbose: 0 : 40752, 1, 2023/06/02, 11:55:39.115, 3589882724024, vstest.console.dll, TestPluginCache: Discovered the extensions using extension path ''.
TpTrace Verbose: 0 : 40752, 1, 2023/06/02, 11:55:39.115, 3589882725025, vstest.console.dll, TestPluginCache: Discoverers are ''.
TpTrace Verbose: 0 : 40752, 1, 2023/06/02, 11:55:39.115, 3589882725468, vstest.console.dll, TestPluginCache: Executors are ''.
TpTrace Verbose: 0 : 40752, 1, 2023/06/02, 11:55:39.115, 3589882725875, vstest.console.dll, TestPluginCache: Executors2 are ''.
TpTrace Verbose: 0 : 40752, 1, 2023/06/02, 11:55:39.115, 3589882726426, vstest.console.dll, TestPluginCache: Setting providers are ''.
TpTrace Verbose: 0 : 40752, 1, 2023/06/02, 11:55:39.115, 3589882726926, vstest.console.dll, TestPluginCache: Loggers are ''.
TpTrace Verbose: 0 : 40752, 1, 2023/06/02, 11:55:39.115, 3589882728320, vstest.console.dll, TestPluginCache: TestHosts are 'HostProvider://DefaultTestHost,HostProvider://DotnetTestHost'.
TpTrace Verbose: 0 : 40752, 1, 2023/06/02, 11:55:39.115, 3589882728738, vstest.console.dll, TestPluginCache: DataCollectors are ''.
TpTrace Information: 0 : 40752, 1, 2023/06/02, 11:55:39.129, 3589882861695, vstest.console.dll, RunTestsArgumentProcessor:Execute: Test run is starting.
TpTrace Verbose: 0 : 40752, 1, 2023/06/02, 11:55:39.129, 3589882862892, vstest.console.dll, RunTestsArgumentProcessor:Execute: Queuing Test run.
TpTrace Information: 0 : 40752, 1, 2023/06/02, 11:55:39.129, 3589882867156, vstest.console.dll, TestRequestManager.RunTests: run tests started.
TpTrace Information: 0 : 40752, 1, 2023/06/02, 11:55:39.131, 3589882886473, vstest.console.dll, AssemblyMetadataProvider.GetFrameworkName: Determined framework:'.NETCoreApp,Version=v7.0' for source: 'C:\Users\sebas\OneDrive\Skrivbord\Högskolan\mjuktest\labb6ochovrigt\GMI24H_Algoritmer_och_mjukvarudesign\Labb_6\Labb6\TestProject1\bin\Debug\fine-code-coverage-net7.0\TestProject1.dll'
TpTrace Information: 0 : 40752, 1, 2023/06/02, 11:55:39.131, 3589882889110, vstest.console.dll, Determined framework for all sources: .NETCoreApp,Version=v7.0
TpTrace Verbose: 0 : 40752, 1, 2023/06/02, 11:55:39.132, 3589882895375, vstest.console.dll, TestRequestManager.UpdateRunSettingsIfRequired: Default architecture: X64 IsDefaultTargetArchitecture: True, Current process architecture: X64 OperatingSystem: Windows.
TpTrace Information: 0 : 40752, 1, 2023/06/02, 11:55:39.134, 3589882918135, vstest.console.dll, AssemblyMetadataProvider.GetArchitecture: Determined architecture:AnyCPU info for assembly: C:\Users\sebas\OneDrive\Skrivbord\Högskolan\mjuktest\labb6ochovrigt\GMI24H_Algoritmer_och_mjukvarudesign\Labb_6\Labb6\TestProject1\bin\Debug\fine-code-coverage-net7.0\TestProject1.dll
TpTrace Information: 0 : 40752, 1, 2023/06/02, 11:55:39.134, 3589882920314, vstest.console.dll, Determined platform for source 'C:\Users\sebas\OneDrive\Skrivbord\Högskolan\mjuktest\labb6ochovrigt\GMI24H_Algoritmer_och_mjukvarudesign\Labb_6\Labb6\TestProject1\bin\Debug\fine-code-coverage-net7.0\TestProject1.dll' was AnyCPU and it will use the default plaform X64.
TpTrace Information: 0 : 40752, 1, 2023/06/02, 11:55:39.134, 3589882920702, vstest.console.dll, None of the sources provided any runnable platform, using the default platform: X64
TpTrace Information: 0 : 40752, 1, 2023/06/02, 11:55:39.135, 3589882921762, vstest.console.dll, Platform was updated to 'X64'.
TpTrace Information: 0 : 40752, 1, 2023/06/02, 11:55:39.138, 3589882958444, vstest.console.dll, InferRunSettingsHelper.IsTestSettingsEnabled: Unable to navigate to RunSettings/MSTest. Current node: RunSettings
TpTrace Information: 0 : 40752, 1, 2023/06/02, 11:55:39.139, 3589882965085, vstest.console.dll, AssemblyResolver.OnResolve: Microsoft.VisualStudio.TestPlatform.Fakes: Resolving assembly.
TpTrace Information: 0 : 40752, 1, 2023/06/02, 11:55:39.139, 3589882965790, vstest.console.dll, AssemblyResolver.OnResolve: Microsoft.VisualStudio.TestPlatform.Fakes: Searching in: 'C:\Program Files\dotnet\sdk\7.0.203\Extensions'.
TpTrace Information: 0 : 40752, 1, 2023/06/02, 11:55:39.139, 3589882966618, vstest.console.dll, AssemblyResolver.OnResolve: Microsoft.VisualStudio.TestPlatform.Fakes: Assembly path does not exist: 'C:\Program Files\dotnet\sdk\7.0.203\Extensions\Microsoft.VisualStudio.TestPlatform.Fakes.dll', returning.
TpTrace Information: 0 : 40752, 1, 2023/06/02, 11:55:39.139, 3589882967263, vstest.console.dll, AssemblyResolver.OnResolve: Microsoft.VisualStudio.TestPlatform.Fakes: Assembly path does not exist: 'C:\Program Files\dotnet\sdk\7.0.203\Extensions\Microsoft.VisualStudio.TestPlatform.Fakes.exe', returning.
TpTrace Information: 0 : 40752, 1, 2023/06/02, 11:55:39.139, 3589882967586, vstest.console.dll, AssemblyResolver.OnResolve: Microsoft.VisualStudio.TestPlatform.Fakes: Searching in: 'C:\Program Files\dotnet\sdk\7.0.203'.
TpTrace Information: 0 : 40752, 1, 2023/06/02, 11:55:39.139, 3589882968113, vstest.console.dll, AssemblyResolver.OnResolve: Microsoft.VisualStudio.TestPlatform.Fakes: Assembly path does not exist: 'C:\Program Files\dotnet\sdk\7.0.203\Microsoft.VisualStudio.TestPlatform.Fakes.dll', returning.
TpTrace Information: 0 : 40752, 1, 2023/06/02, 11:55:39.139, 3589882968707, vstest.console.dll, AssemblyResolver.OnResolve: Microsoft.VisualStudio.TestPlatform.Fakes: Assembly path does not exist: 'C:\Program Files\dotnet\sdk\7.0.203\Microsoft.VisualStudio.TestPlatform.Fakes.exe', returning.
TpTrace Information: 0 : 40752, 1, 2023/06/02, 11:55:39.139, 3589882969015, vstest.console.dll, AssemblyResolver.OnResolve: Microsoft.VisualStudio.TestPlatform.Fakes: Failed to load assembly.
TpTrace Information: 0 : 40752, 1, 2023/06/02, 11:55:39.139, 3589882971226, vstest.console.dll, Failed to load assembly Microsoft.VisualStudio.TestPlatform.Fakes, Version=17.0.0.0, Culture=neutral. Reason:System.IO.FileNotFoundException: Could not load file or assembly 'Microsoft.VisualStudio.TestPlatform.Fakes, Version=17.0.0.0, Culture=neutral, PublicKeyToken=null'. Det går inte att hitta filen.
File name: 'Microsoft.VisualStudio.TestPlatform.Fakes, Version=17.0.0.0, Culture=neutral, PublicKeyToken=null'
   at System.Reflection.RuntimeAssembly.InternalLoad(AssemblyName assemblyName, StackCrawlMark& stackMark, AssemblyLoadContext assemblyLoadContext, RuntimeAssembly requestingAssembly, Boolean throwOnFileNotFound)
   at System.Reflection.Assembly.Load(AssemblyName assemblyRef)
   at Microsoft.VisualStudio.TestPlatform.Common.Utilities.FakesUtilities.LoadTestPlatformAssembly()
TpTrace Verbose: 0 : 40752, 1, 2023/06/02, 11:55:39.143, 3589883009504, vstest.console.dll, TestPluginCache.DiscoverTestExtensions: finding test extensions in assemblies ends with: TestLogger.dll TPluginInfo: Microsoft.VisualStudio.TestPlatform.Common.ExtensionFramework.Utilities.TestLoggerPluginInformation TExtension: Microsoft.VisualStudio.TestPlatform.ObjectModel.Client.ITestLogger
TpTrace Verbose: 0 : 40752, 1, 2023/06/02, 11:55:39.143, 3589883010793, vstest.console.dll, TestPluginCache.GetExtensionPaths: Filtered extension paths: 
TpTrace Verbose: 0 : 40752, 1, 2023/06/02, 11:55:39.144, 3589883011660, vstest.console.dll, TestPluginCache.GetExtensionPaths: Added default extension paths: C:\Program Files\dotnet\sdk\7.0.203\Extensions\Microsoft.Diagnostics.NETCore.Client.dll
C:\Program Files\dotnet\sdk\7.0.203\Extensions\Microsoft.TestPlatform.Extensions.BlameDataCollector.dll
C:\Program Files\dotnet\sdk\7.0.203\Extensions\Microsoft.TestPlatform.Extensions.EventLogCollector.dll
C:\Program Files\dotnet\sdk\7.0.203\Extensions\Microsoft.TestPlatform.TestHostRuntimeProvider.dll
C:\Program Files\dotnet\sdk\7.0.203\Extensions\Microsoft.VisualStudio.TestPlatform.Extensions.Html.TestLogger.dll
C:\Program Files\dotnet\sdk\7.0.203\Extensions\Microsoft.VisualStudio.TestPlatform.Extensions.Trx.TestLogger.dll
TpTrace Verbose: 0 : 40752, 1, 2023/06/02, 11:55:39.144, 3589883012420, vstest.console.dll, TestPluginCache.GetExtensionPaths: Added unfilterableExtensionPaths: 
TpTrace Information: 0 : 40752, 1, 2023/06/02, 11:55:39.144, 3589883014371, vstest.console.dll, AssemblyResolver.AddSearchDirectories: Adding more searchDirectories C:\Program Files\dotnet\sdk\7.0.203\Extensions,C:\Program Files\dotnet\sdk\7.0.203
TpTrace Verbose: 0 : 40752, 1, 2023/06/02, 11:55:39.144, 3589883015269, vstest.console.dll, TestPluginCache.DiscoverTestExtensions: Discovering the extensions using extension path.
TpTrace Verbose: 0 : 40752, 1, 2023/06/02, 11:55:39.144, 3589883015959, vstest.console.dll, TestPluginCache.GetExtensionPaths: Filtered extension paths: 
TpTrace Verbose: 0 : 40752, 1, 2023/06/02, 11:55:39.144, 3589883016538, vstest.console.dll, TestPluginCache.GetExtensionPaths: Added default extension paths: C:\Program Files\dotnet\sdk\7.0.203\Extensions\Microsoft.Diagnostics.NETCore.Client.dll
C:\Program Files\dotnet\sdk\7.0.203\Extensions\Microsoft.TestPlatform.Extensions.BlameDataCollector.dll
C:\Program Files\dotnet\sdk\7.0.203\Extensions\Microsoft.TestPlatform.Extensions.EventLogCollector.dll
C:\Program Files\dotnet\sdk\7.0.203\Extensions\Microsoft.TestPlatform.TestHostRuntimeProvider.dll
C:\Program Files\dotnet\sdk\7.0.203\Extensions\Microsoft.VisualStudio.TestPlatform.Extensions.Html.TestLogger.dll
C:\Program Files\dotnet\sdk\7.0.203\Extensions\Microsoft.VisualStudio.TestPlatform.Extensions.Trx.TestLogger.dll
TpTrace Verbose: 0 : 40752, 1, 2023/06/02, 11:55:39.144, 3589883017204, vstest.console.dll, TestPluginCache.GetExtensionPaths: Added unfilterableExtensionPaths: 
TpTrace Verbose: 0 : 40752, 1, 2023/06/02, 11:55:39.144, 3589883017760, vstest.console.dll, TestPluginCache.DiscoverTestExtensions: Discovering the extensions using allExtensionPaths: C:\Program Files\dotnet\sdk\7.0.203\Extensions\Microsoft.Diagnostics.NETCore.Client.dll
C:\Program Files\dotnet\sdk\7.0.203\Extensions\Microsoft.TestPlatform.Extensions.BlameDataCollector.dll
C:\Program Files\dotnet\sdk\7.0.203\Extensions\Microsoft.TestPlatform.Extensions.EventLogCollector.dll
C:\Program Files\dotnet\sdk\7.0.203\Extensions\Microsoft.TestPlatform.TestHostRuntimeProvider.dll
C:\Program Files\dotnet\sdk\7.0.203\Extensions\Microsoft.VisualStudio.TestPlatform.Extensions.Html.TestLogger.dll
C:\Program Files\dotnet\sdk\7.0.203\Extensions\Microsoft.VisualStudio.TestPlatform.Extensions.Trx.TestLogger.dll
TpTrace Information: 0 : 40752, 1, 2023/06/02, 11:55:39.144, 3589883019327, vstest.console.dll, AssemblyResolver.AddSearchDirectories: Adding more searchDirectories C:\Program Files\dotnet\sdk\7.0.203\Extensions,C:\Program Files\dotnet\sdk\7.0.203
TpTrace Information: 0 : 40752, 1, 2023/06/02, 11:55:39.144, 3589883020147, vstest.console.dll, AssemblyResolver.AddSearchDirectories: Adding more searchDirectories C:\Program Files\dotnet\sdk\7.0.203\Extensions,C:\Program Files\dotnet\sdk\7.0.203
TpTrace Information: 0 : 40752, 1, 2023/06/02, 11:55:39.144, 3589883020803, vstest.console.dll, AssemblyResolver.AddSearchDirectories: Adding more searchDirectories C:\Program Files\dotnet\sdk\7.0.203\Extensions,C:\Program Files\dotnet\sdk\7.0.203
TpTrace Information: 0 : 40752, 1, 2023/06/02, 11:55:39.145, 3589883021493, vstest.console.dll, AssemblyResolver.AddSearchDirectories: Adding more searchDirectories C:\Program Files\dotnet\sdk\7.0.203\Extensions,C:\Program Files\dotnet\sdk\7.0.203
TpTrace Information: 0 : 40752, 1, 2023/06/02, 11:55:39.145, 3589883022133, vstest.console.dll, AssemblyResolver.AddSearchDirectories: Adding more searchDirectories C:\Program Files\dotnet\sdk\7.0.203\Extensions,C:\Program Files\dotnet\sdk\7.0.203
TpTrace Information: 0 : 40752, 1, 2023/06/02, 11:55:39.145, 3589883022783, vstest.console.dll, AssemblyResolver.AddSearchDirectories: Adding more searchDirectories C:\Program Files\dotnet\sdk\7.0.203\Extensions,C:\Program Files\dotnet\sdk\7.0.203
TpTrace Verbose: 0 : 40752, 1, 2023/06/02, 11:55:39.145, 3589883024182, vstest.console.dll, MetadataReaderExtensionsHelper: Discovering extensions inside assembly 'Microsoft.Diagnostics.NETCore.Client, Version=0.2.6.42401, Culture=neutral, PublicKeyToken=31bf3856ad364e35' file path 'C:\Program Files\dotnet\sdk\7.0.203\Extensions\Microsoft.Diagnostics.NETCore.Client.dll'
TpTrace Information: 0 : 40752, 1, 2023/06/02, 11:55:39.146, 3589883036832, vstest.console.dll, AssemblyResolver.OnResolve: Microsoft.Bcl.AsyncInterfaces: Resolving assembly.
TpTrace Information: 0 : 40752, 1, 2023/06/02, 11:55:39.146, 3589883037888, vstest.console.dll, AssemblyResolver.OnResolve: Microsoft.Bcl.AsyncInterfaces: Resolved from cache.
TpTrace Verbose: 0 : 40752, 1, 2023/06/02, 11:55:39.146, 3589883038547, vstest.console.dll, CurrentDomainAssemblyResolve: Resolving assembly 'Microsoft.Bcl.AsyncInterfaces'.
TpTrace Information: 0 : 40752, 1, 2023/06/02, 11:55:39.146, 3589883039460, vstest.console.dll, AssemblyResolver.OnResolve: Microsoft.Bcl.AsyncInterfaces: Resolving assembly.
TpTrace Information: 0 : 40752, 1, 2023/06/02, 11:55:39.146, 3589883040126, vstest.console.dll, AssemblyResolver.OnResolve: Microsoft.Bcl.AsyncInterfaces: Resolved from cache.
TpTrace Verbose: 0 : 40752, 1, 2023/06/02, 11:55:39.146, 3589883040695, vstest.console.dll, CurrentDomainAssemblyResolve: Resolving assembly 'Microsoft.Bcl.AsyncInterfaces'.
TpTrace Verbose: 0 : 40752, 1, 2023/06/02, 11:55:39.147, 3589883041464, vstest.console.dll, CurrentDomainAssemblyResolve: Failed to resolve assembly 'Microsoft.Bcl.AsyncInterfaces'.
TpTrace Verbose: 0 : 40752, 1, 2023/06/02, 11:55:39.147, 3589883043311, vstest.console.dll, CurrentDomainAssemblyResolve: Failed to resolve assembly 'Microsoft.Bcl.AsyncInterfaces'.
TpTrace Warning: 0 : 40752, 1, 2023/06/02, 11:55:39.147, 3589883049219, vstest.console.dll, TestPluginDiscoverer: Failed to get types from assembly 'Microsoft.Diagnostics.NETCore.Client, Version=0.2.6.42401, Culture=neutral, PublicKeyToken=31bf3856ad364e35'. Error: System.Reflection.ReflectionTypeLoadException: Unable to load one or more of the requested types.
Could not load file or assembly 'Microsoft.Bcl.AsyncInterfaces, Version=1.0.0.0, Culture=neutral, PublicKeyToken=cc7b13ffcd2ddd51'. Det går inte att hitta filen.
   at System.Reflection.RuntimeModule.GetTypes(RuntimeModule module)
   at System.Reflection.Assembly.GetTypes()
   at Microsoft.VisualStudio.TestPlatform.Common.ExtensionFramework.TestPluginDiscoverer.GetTestExtensionsFromAssembly[TPluginInfo,TExtension](Assembly assembly, Dictionary`2 pluginInfos, String filePath)
System.IO.FileNotFoundException: Could not load file or assembly 'Microsoft.Bcl.AsyncInterfaces, Version=1.0.0.0, Culture=neutral, PublicKeyToken=cc7b13ffcd2ddd51'. Det går inte att hitta filen.
File name: 'Microsoft.Bcl.AsyncInterfaces, Version=1.0.0.0, Culture=neutral, PublicKeyToken=cc7b13ffcd2ddd51'
 ---> System.IO.FileNotFoundException: Could not load file or assembly 'Microsoft.Bcl.AsyncInterfaces, Culture=neutral, PublicKeyToken=null'. Det går inte att hitta filen.
File name: 'Microsoft.Bcl.AsyncInterfaces, Culture=neutral, PublicKeyToken=null'
   at System.Reflection.RuntimeAssembly.InternalLoad(AssemblyName assemblyName, StackCrawlMark& stackMark, AssemblyLoadContext assemblyLoadContext, RuntimeAssembly requestingAssembly, Boolean throwOnFileNotFound)
   at System.Reflection.Assembly.Load(AssemblyName assemblyRef)
   at Microsoft.VisualStudio.TestPlatform.Common.ExtensionFramework.TestPluginCache.CurrentDomainAssemblyResolve(Object sender, AssemblyResolveEventArgs args)
   at System.Runtime.Loader.AssemblyLoadContext.GetFirstResolvedAssemblyFromResolvingEvent(AssemblyName assemblyName)
   at System.Runtime.Loader.AssemblyLoadContext.ResolveUsingEvent(AssemblyName assemblyName)
   at System.Runtime.Loader.AssemblyLoadContext.ResolveUsingResolvingEvent(IntPtr gchManagedAssemblyLoadContext, AssemblyName assemblyName)
TpTrace Warning: 0 : 40752, 1, 2023/06/02, 11:55:39.148, 3589883053054, vstest.console.dll, LoaderExceptions: System.IO.FileNotFoundException: Could not load file or assembly 'Microsoft.Bcl.AsyncInterfaces, Version=1.0.0.0, Culture=neutral, PublicKeyToken=cc7b13ffcd2ddd51'. Det går inte att hitta filen.
File name: 'Microsoft.Bcl.AsyncInterfaces, Version=1.0.0.0, Culture=neutral, PublicKeyToken=cc7b13ffcd2ddd51'
 ---> System.IO.FileNotFoundException: Could not load file or assembly 'Microsoft.Bcl.AsyncInterfaces, Culture=neutral, PublicKeyToken=null'. Det går inte att hitta filen.
File name: 'Microsoft.Bcl.AsyncInterfaces, Culture=neutral, PublicKeyToken=null'
   at System.Reflection.RuntimeAssembly.InternalLoad(AssemblyName assemblyName, StackCrawlMark& stackMark, AssemblyLoadContext assemblyLoadContext, RuntimeAssembly requestingAssembly, Boolean throwOnFileNotFound)
   at System.Reflection.Assembly.Load(AssemblyName assemblyRef)
   at Microsoft.VisualStudio.TestPlatform.Common.ExtensionFramework.TestPluginCache.CurrentDomainAssemblyResolve(Object sender, AssemblyResolveEventArgs args)
   at System.Runtime.Loader.AssemblyLoadContext.GetFirstResolvedAssemblyFromResolvingEvent(AssemblyName assemblyName)
   at System.Runtime.Loader.AssemblyLoadContext.ResolveUsingEvent(AssemblyName assemblyName)
   at System.Runtime.Loader.AssemblyLoadContext.ResolveUsingResolvingEvent(IntPtr gchManagedAssemblyLoadContext, AssemblyName assemblyName)
TpTrace Verbose: 0 : 40752, 1, 2023/06/02, 11:55:39.148, 3589883054171, vstest.console.dll, MetadataReaderExtensionsHelper: Discovering extensions inside assembly 'Microsoft.TestPlatform.Extensions.BlameDataCollector, Version=15.0.0.0, Culture=neutral, PublicKeyToken=b03f5f7f11d50a3a' file path 'C:\Program Files\dotnet\sdk\7.0.203\Extensions\Microsoft.TestPlatform.Extensions.BlameDataCollector.dll'
TpTrace Information: 0 : 40752, 1, 2023/06/02, 11:55:39.149, 3589883063476, vstest.console.dll, GetTestExtensionFromType: Register extension with identifier data 'logger://Microsoft/TestPlatform/Extensions/Blame/v1' and type 'Microsoft.TestPlatform.Extensions.BlameDataCollector.BlameLogger, Microsoft.TestPlatform.Extensions.BlameDataCollector, Version=15.0.0.0, Culture=neutral, PublicKeyToken=b03f5f7f11d50a3a' inside file 'C:\Program Files\dotnet\sdk\7.0.203\Extensions\Microsoft.TestPlatform.Extensions.BlameDataCollector.dll'
TpTrace Verbose: 0 : 40752, 1, 2023/06/02, 11:55:39.149, 3589883065087, vstest.console.dll, MetadataReaderExtensionsHelper: Discovering extensions inside assembly 'Microsoft.TestPlatform.Extensions.EventLogCollector, Version=15.0.0.0, Culture=neutral, PublicKeyToken=b03f5f7f11d50a3a' file path 'C:\Program Files\dotnet\sdk\7.0.203\Extensions\Microsoft.TestPlatform.Extensions.EventLogCollector.dll'
TpTrace Verbose: 0 : 40752, 1, 2023/06/02, 11:55:39.150, 3589883071726, vstest.console.dll, MetadataReaderExtensionsHelper: Discovering extensions inside assembly 'Microsoft.TestPlatform.TestHostRuntimeProvider, Version=15.0.0.0, Culture=neutral, PublicKeyToken=b03f5f7f11d50a3a' file path 'C:\Program Files\dotnet\sdk\7.0.203\Extensions\Microsoft.TestPlatform.TestHostRuntimeProvider.dll'
TpTrace Verbose: 0 : 40752, 1, 2023/06/02, 11:55:39.150, 3589883077767, vstest.console.dll, MetadataReaderExtensionsHelper: Discovering extensions inside assembly 'Microsoft.VisualStudio.TestPlatform.Extensions.Html.TestLogger, Version=15.0.0.0, Culture=neutral, PublicKeyToken=b03f5f7f11d50a3a' file path 'C:\Program Files\dotnet\sdk\7.0.203\Extensions\Microsoft.VisualStudio.TestPlatform.Extensions.Html.TestLogger.dll'
TpTrace Information: 0 : 40752, 1, 2023/06/02, 11:55:39.151, 3589883085604, vstest.console.dll, GetTestExtensionFromType: Register extension with identifier data 'logger://Microsoft/TestPlatform/HtmlLogger/v1' and type 'Microsoft.VisualStudio.TestPlatform.Extensions.HtmlLogger.HtmlLogger, Microsoft.VisualStudio.TestPlatform.Extensions.Html.TestLogger, Version=15.0.0.0, Culture=neutral, PublicKeyToken=b03f5f7f11d50a3a' inside file 'C:\Program Files\dotnet\sdk\7.0.203\Extensions\Microsoft.VisualStudio.TestPlatform.Extensions.Html.TestLogger.dll'
TpTrace Verbose: 0 : 40752, 1, 2023/06/02, 11:55:39.151, 3589883086408, vstest.console.dll, MetadataReaderExtensionsHelper: Discovering extensions inside assembly 'Microsoft.VisualStudio.TestPlatform.Extensions.Trx.TestLogger, Version=15.0.0.0, Culture=neutral, PublicKeyToken=b03f5f7f11d50a3a' file path 'C:\Program Files\dotnet\sdk\7.0.203\Extensions\Microsoft.VisualStudio.TestPlatform.Extensions.Trx.TestLogger.dll'
TpTrace Information: 0 : 40752, 1, 2023/06/02, 11:55:39.152, 3589883091597, vstest.console.dll, GetTestExtensionFromType: Register extension with identifier data 'logger://Microsoft/TestPlatform/TrxLogger/v1' and type 'Microsoft.VisualStudio.TestPlatform.Extensions.TrxLogger.TrxLogger, Microsoft.VisualStudio.TestPlatform.Extensions.Trx.TestLogger, Version=15.0.0.0, Culture=neutral, PublicKeyToken=b03f5f7f11d50a3a' inside file 'C:\Program Files\dotnet\sdk\7.0.203\Extensions\Microsoft.VisualStudio.TestPlatform.Extensions.Trx.TestLogger.dll'
TpTrace Verbose: 0 : 40752, 1, 2023/06/02, 11:55:39.152, 3589883092763, vstest.console.dll, TestPluginCache: Discovered the extensions using extension path ''.
TpTrace Verbose: 0 : 40752, 1, 2023/06/02, 11:55:39.152, 3589883093167, vstest.console.dll, TestPluginCache: Discoverers are ''.
TpTrace Verbose: 0 : 40752, 1, 2023/06/02, 11:55:39.152, 3589883093423, vstest.console.dll, TestPluginCache: Executors are ''.
TpTrace Verbose: 0 : 40752, 1, 2023/06/02, 11:55:39.152, 3589883093652, vstest.console.dll, TestPluginCache: Executors2 are ''.
TpTrace Verbose: 0 : 40752, 1, 2023/06/02, 11:55:39.152, 3589883093880, vstest.console.dll, TestPluginCache: Setting providers are ''.
TpTrace Verbose: 0 : 40752, 1, 2023/06/02, 11:55:39.152, 3589883094552, vstest.console.dll, TestPluginCache: Loggers are 'logger://Microsoft/TestPlatform/Extensions/Blame/v1,logger://Microsoft/TestPlatform/HtmlLogger/v1,logger://Microsoft/TestPlatform/TrxLogger/v1'.
TpTrace Verbose: 0 : 40752, 1, 2023/06/02, 11:55:39.152, 3589883094974, vstest.console.dll, TestPluginCache: TestHosts are 'HostProvider://DefaultTestHost,HostProvider://DotnetTestHost'.
TpTrace Verbose: 0 : 40752, 1, 2023/06/02, 11:55:39.152, 3589883095307, vstest.console.dll, TestPluginCache: DataCollectors are ''.
TpTrace Information: 0 : 40752, 1, 2023/06/02, 11:55:39.153, 3589883103916, vstest.console.dll, TestPluginManager.CreateTestExtension: Attempting to load test extension: Microsoft.TestPlatform.Extensions.BlameDataCollector.BlameLogger
TpTrace Verbose: 0 : 40752, 1, 2023/06/02, 11:55:39.160, 3589883180305, vstest.console.dll, TestEngine: Initializing Parallel Execution as MaxCpuCount is set to: 1
TpTrace Information: 0 : 40752, 1, 2023/06/02, 11:55:39.162, 3589883199192, vstest.console.dll, TestPluginManager.CreateTestExtension: Attempting to load test extension: Microsoft.VisualStudio.TestPlatform.CrossPlatEngine.Hosting.DefaultTestHostManager
TpTrace Information: 0 : 40752, 1, 2023/06/02, 11:55:39.163, 3589883205322, vstest.console.dll, TestPluginManager.CreateTestExtension: Attempting to load test extension: Microsoft.VisualStudio.TestPlatform.CrossPlatEngine.Hosting.DotnetTestHostManager
TpTrace Information: 0 : 40752, 1, 2023/06/02, 11:55:39.163, 3589883211215, vstest.console.dll, InferRunSettingsHelper.IsTestSettingsEnabled: Unable to navigate to RunSettings/MSTest. Current node: RunSettings
TpTrace Verbose: 0 : 40752, 1, 2023/06/02, 11:55:39.168, 3589883258956, vstest.console.dll, TestEngine.GetExecutionManager: Chosen execution manager 'Microsoft.VisualStudio.TestPlatform.CrossPlatEngine.Client.Parallel.ParallelProxyExecutionManager, Microsoft.TestPlatform.CrossPlatEngine, Version=15.0.0.0, Culture=neutral, PublicKeyToken=b03f5f7f11d50a3a' ParallelLevel '1'.
TpTrace Verbose: 0 : 40752, 1, 2023/06/02, 11:55:39.168, 3589883260649, vstest.console.dll, TestRunRequest.ExecuteAsync: Creating test run request.
TpTrace Verbose: 0 : 40752, 1, 2023/06/02, 11:55:39.169, 3589883263051, vstest.console.dll, TestRunRequest.ExecuteAsync: Starting.
TpTrace Information: 0 : 40752, 1, 2023/06/02, 11:55:39.169, 3589883265824, vstest.console.dll, TestRunRequest.ExecuteAsync: Starting run with settings:TestRunCriteria:
   KeepAlive=False,FrequencyOfRunStatsChangeEvent=10,RunStatsChangeEventTimeout=00:00:01.5000000,TestCaseFilter=,TestExecutorLauncher=
   Settingsxml=<RunSettings>
  <RunConfiguration>
    <ResultsDirectory>C:\Users\sebas\OneDrive\Skrivbord\Högskolan\mjuktest\labb6ochovrigt\GMI24H_Algoritmer_och_mjukvarudesign\Labb_6\Labb6\TestProject1\bin\Debug\net7.0\fine-code-coverage\coverage-tool-output</ResultsDirectory>
    <TargetPlatform>X64</TargetPlatform>
    <TargetFrameworkVersion>.NETCoreApp,Version=v7.0</TargetFrameworkVersion>
    <DesignMode>False</DesignMode>
    <CollectSourceInformation>False</CollectSourceInformation>
  </RunConfiguration>
  <LoggerRunSettings>
    <Loggers>
      <Logger friendlyName="blame" enabled="True" />
      <Logger friendlyName="Console" uri="logger://microsoft/TestPlatform/ConsoleLogger/v1" assemblyQualifiedName="Microsoft.VisualStudio.TestPlatform.CommandLine.Internal.ConsoleLogger, vstest.console, Version=15.0.0.0, Culture=neutral, PublicKeyToken=b03f5f7f11d50a3a" codeBase="C:\Program Files\dotnet\sdk\7.0.203\vstest.console.dll" enabled="True" />
    </Loggers>
  </LoggerRunSettings>
  <DataCollectionRunSettings>
    <DataCollectors>
      <DataCollector friendlyName="blame" enabled="True">
        <Configuration>
          <ResultsDirectory>C:\Users\sebas\OneDrive\Skrivbord\Högskolan\mjuktest\labb6ochovrigt\GMI24H_Algoritmer_och_mjukvarudesign\Labb_6\Labb6\TestProject1\bin\Debug\net7.0\fine-code-coverage\coverage-tool-output</ResultsDirectory>
        </Configuration>
      </DataCollector>
    </DataCollectors>
  </DataCollectionRunSettings>
</RunSettings>

TpTrace Verbose: 0 : 40752, 1, 2023/06/02, 11:55:39.169, 3589883266357, vstest.console.dll, TestRunRequest.ExecuteAsync: Wait for the first run request is over.
TpTrace Verbose: 0 : 40752, 1, 2023/06/02, 11:55:39.169, 3589883269073, vstest.console.dll, MulticastDelegateUtilities.SafeInvoke: TestRun.TestRunStart: Invoking callbacks was skipped because there are no subscribers.
TpTrace Verbose: 0 : 40752, 4, 2023/06/02, 11:55:39.170, 3589883271665, vstest.console.dll, MulticastDelegateUtilities.SafeInvoke: InternalTestLoggerEvents.SendTestRunStart: Invoking callback 1/1 for Microsoft.VisualStudio.TestPlatform.CommandLine.Internal.ConsoleLogger., took 0 ms.
TpTrace Verbose: 0 : 40752, 1, 2023/06/02, 11:55:39.170, 3589883280860, vstest.console.dll, ParallelProxyExecutionManager: Start execution. Total sources: 1
TpTrace Verbose: 0 : 40752, 1, 2023/06/02, 11:55:39.172, 3589883299010, vstest.console.dll, TestRequestSender is acting as server.
TpTrace Verbose: 0 : 40752, 1, 2023/06/02, 11:55:39.174, 3589883312167, vstest.console.dll, DataCollectionRequestSender.InitializeCommunication : Initialize communication. 
TpTrace Information: 0 : 40752, 1, 2023/06/02, 11:55:39.177, 3589883351387, vstest.console.dll, Listening on Endpoint : 127.0.0.1:62973
TpTrace Verbose: 0 : 40752, 1, 2023/06/02, 11:55:39.183, 3589883408678, vstest.console.dll, DotnetDataCollectionLauncher: Adding  --runtimeconfig "C:\Program Files\dotnet\sdk\7.0.203\datacollector.runtimeconfig.json" in args
TpTrace Verbose: 0 : 40752, 1, 2023/06/02, 11:55:39.183, 3589883409762, vstest.console.dll, DotnetDataCollectionLauncher: Adding  --depsfile "C:\Program Files\dotnet\sdk\7.0.203\datacollector.deps.json" in args
TpTrace Verbose: 0 : 40752, 1, 2023/06/02, 11:55:39.184, 3589883412370, vstest.console.dll, DotnetDataCollectionLauncher: Full path of dotnet.exe is C:\Program Files\dotnet\dotnet.exe
TpTrace Information: 0 : 40752, 1, 2023/06/02, 11:55:39.191, 3589883487595, vstest.console.dll, ProxyDataCollectionManager.Initialize: Launched datacollector processId: 14712 port: 62973
TpTrace Information: 0 : 40752, 1, 2023/06/02, 11:55:39.191, 3589883489838, vstest.console.dll, ProxyDataCollectionManager.Initialize: waiting for connection with timeout: 90 seconds
TpTrace Verbose: 0 : 40752, 1, 2023/06/02, 11:55:39.191, 3589883490887, vstest.console.dll, DataCollectionRequestSender.WaitForRequestHandlerConnection : Waiting for connection with timeout: 90000
TpTrace Information: 0 : 40752, 7, 2023/06/02, 11:55:39.329, 3589884861570, vstest.console.dll, Using the buffer size of 16384 bytes
TpTrace Verbose: 0 : 40752, 1, 2023/06/02, 11:55:39.329, 3589884862574, vstest.console.dll, SocketCommunicationManager.WaitForClientConnection took: 137 ms, with 90000 ms timeout, and finished with True.
TpTrace Information: 0 : 40752, 7, 2023/06/02, 11:55:39.329, 3589884862697, vstest.console.dll, Accepted Client request and set the flag
TpTrace Verbose: 0 : 40752, 1, 2023/06/02, 11:55:39.329, 3589884863614, vstest.console.dll, ProxyDataCollectionManager.InvokeDataCollectionServiceAction: Starting.
TpTrace Information: 0 : 40752, 1, 2023/06/02, 11:55:39.329, 3589884864246, vstest.console.dll, ProxyDataCollectionManager.BeforeTestRunStart: Get environment variable and port for datacollector processId: 14712 port: 62973
TpTrace Verbose: 0 : 40752, 1, 2023/06/02, 11:55:39.329, 3589884865223, vstest.console.dll, DataCollectionRequestSender.SendBeforeTestRunStartAndGetResult: Send BeforeTestRunStart message with settingsXml <RunSettings><RunConfiguration><ResultsDirectory>C:\Users\sebas\OneDrive\Skrivbord\Högskolan\mjuktest\labb6ochovrigt\GMI24H_Algoritmer_och_mjukvarudesign\Labb_6\Labb6\TestProject1\bin\Debug\net7.0\fine-code-coverage\coverage-tool-output</ResultsDirectory><TargetPlatform>X64</TargetPlatform><TargetFrameworkVersion>.NETCoreApp,Version=v7.0</TargetFrameworkVersion><DesignMode>False</DesignMode><CollectSourceInformation>False</CollectSourceInformation><TestAdaptersPaths>C:\Program Files\dotnet\sdk\7.0.203\Extensions</TestAdaptersPaths></RunConfiguration><LoggerRunSettings><Loggers><Logger friendlyName="blame" enabled="True" /><Logger friendlyName="Console" uri="logger://microsoft/TestPlatform/ConsoleLogger/v1" assemblyQualifiedName="Microsoft.VisualStudio.TestPlatform.CommandLine.Internal.ConsoleLogger, vstest.console, Version=15.0.0.0, Culture=neutral, PublicKeyToken=b03f5f7f11d50a3a" codeBase="C:\Program Files\dotnet\sdk\7.0.203\vstest.console.dll" enabled="True" /></Loggers></LoggerRunSettings><DataCollectionRunSettings><DataCollectors><DataCollector friendlyName="blame" enabled="True"><Configuration><ResultsDirectory>C:\Users\sebas\OneDrive\Skrivbord\Högskolan\mjuktest\labb6ochovrigt\GMI24H_Algoritmer_och_mjukvarudesign\Labb_6\Labb6\TestProject1\bin\Debug\net7.0\fine-code-coverage\coverage-tool-output</ResultsDirectory></Configuration></DataCollector></DataCollectors></DataCollectionRunSettings></RunSettings> and sources System.Collections.Generic.List`1[System.String]: 
TpTrace Verbose: 0 : 40752, 1, 2023/06/02, 11:55:39.394, 3589885514350, vstest.console.dll, DataCollectionRequestSender.SendBeforeTestRunStartAndGetResult: Received message: (DataCollection.SendMessage) -> {"MessageType":"DataCollection.SendMessage","Payload":{"FriendlyName":null,"Uri":null,"TestCaseId":"00000000-0000-0000-0000-000000000000","Message":"Logging DataCollector Diagnostics in file: C:\\Users\\sebas\\OneDrive\\Skrivbord\\Högskolan\\mjuktest\\labb6ochovrigt\\GMI24H_Algoritmer_och_mjukvarudesign\\Labb_6\\Labb6\\TestProject1\\bin\\Debug\\net7.0\\fine-code-coverage\\coverage-tool-output\\diagnostics.datacollector.23-06-02_11-55-39_18350_1.log","Level":0}}
TpTrace Verbose: 0 : 40752, 1, 2023/06/02, 11:55:39.473, 3589886303196, vstest.console.dll, DataCollectionRequestSender.SendBeforeTestRunStartAndGetResult: Received message: (DataCollection.BeforeTestRunStartResult) -> {"MessageType":"DataCollection.BeforeTestRunStartResult","Payload":{"EnvironmentVariables":{},"DataCollectionEventsPort":62975}}
TpTrace Information: 0 : 40752, 1, 2023/06/02, 11:55:39.479, 3589886366645, vstest.console.dll, ProxyDataCollectionManager.BeforeTestRunStart: SendBeforeTestRunStartAndGetResult successful, env variable from datacollector:   and testhost port: 62975
TpTrace Information: 0 : 40752, 1, 2023/06/02, 11:55:39.479, 3589886367819, vstest.console.dll, ProxyDataCollectionManager.InvokeDataCollectionServiceAction: Completed.
TpTrace Verbose: 0 : 40752, 1, 2023/06/02, 11:55:39.479, 3589886369396, vstest.console.dll, ProxyParallelExecutionManager: No sources available for execution.
TpTrace Verbose: 0 : 40752, 7, 2023/06/02, 11:55:39.479, 3589886369673, vstest.console.dll, ParallelProxyExecutionManager: Execution started. Started clients: 1
TpTrace Information: 0 : 40752, 1, 2023/06/02, 11:55:39.479, 3589886370032, vstest.console.dll, TestRunRequest.ExecuteAsync: Started.
TpTrace Verbose: 0 : 40752, 1, 2023/06/02, 11:55:39.480, 3589886371776, vstest.console.dll, TestRunRequest.WaitForCompletion: Waiting with timeout -1.
TpTrace Verbose: 0 : 40752, 7, 2023/06/02, 11:55:39.480, 3589886372934, vstest.console.dll, TestRunRequest:SendTestRunMessage: Starting.
TpTrace Verbose: 0 : 40752, 4, 2023/06/02, 11:55:39.480, 3589886374623, vstest.console.dll, MulticastDelegateUtilities.SafeInvoke: InternalTestLoggerEvents.SendTestRunMessage: Invoking callback 1/1 for Microsoft.VisualStudio.TestPlatform.CommandLine.Internal.ConsoleLogger., took 0 ms.
TpTrace Verbose: 0 : 40752, 7, 2023/06/02, 11:55:39.480, 3589886376411, vstest.console.dll, MulticastDelegateUtilities.SafeInvoke: TestRun.LogMessages: Invoking callback 1/1 for Microsoft.VisualStudio.TestPlatform.CommandLine.TestRunResultAggregator., took 0 ms.
TpTrace Information: 0 : 40752, 7, 2023/06/02, 11:55:39.480, 3589886377109, vstest.console.dll, TestRunRequest:SendTestRunMessage: Completed.
TpTrace Verbose: 0 : 40752, 7, 2023/06/02, 11:55:39.480, 3589886379684, vstest.console.dll, ProxyExecutionManager: Test host is always Lazy initialize.
TpTrace Verbose: 0 : 40752, 7, 2023/06/02, 11:55:39.481, 3589886382095, vstest.console.dll, TestRequestSender.InitializeCommunication: initialize communication. 
TpTrace Information: 0 : 40752, 7, 2023/06/02, 11:55:39.481, 3589886387286, vstest.console.dll, SocketServer.Start: Listening on endpoint : 127.0.0.1:62976
TpTrace Verbose: 0 : 40752, 7, 2023/06/02, 11:55:39.482, 3589886395383, vstest.console.dll, DotnetTestHostmanager.GetTestHostProcessStartInfo: Platform environment 'X64' target architecture 'X64' framework '.NETCoreApp,Version=v7.0' OS 'Windows'
TpTrace Verbose: 0 : 40752, 7, 2023/06/02, 11:55:39.482, 3589886397521, vstest.console.dll, DotnetTestHostmanager: Adding  --runtimeconfig "C:\Users\sebas\OneDrive\Skrivbord\Högskolan\mjuktest\labb6ochovrigt\GMI24H_Algoritmer_och_mjukvarudesign\Labb_6\Labb6\TestProject1\bin\Debug\fine-code-coverage-net7.0\TestProject1.runtimeconfig.json" in args
TpTrace Verbose: 0 : 40752, 7, 2023/06/02, 11:55:39.482, 3589886398705, vstest.console.dll, DotnetTestHostmanager: Adding  --depsfile "C:\Users\sebas\OneDrive\Skrivbord\Högskolan\mjuktest\labb6ochovrigt\GMI24H_Algoritmer_och_mjukvarudesign\Labb_6\Labb6\TestProject1\bin\Debug\fine-code-coverage-net7.0\TestProject1.deps.json" in args
TpTrace Verbose: 0 : 40752, 7, 2023/06/02, 11:55:39.482, 3589886400063, vstest.console.dll, DotnetTestHostmanager.IsWinOnArm: Current PROCESSOR_ARCHITECTURE from environment variable 'AMD64'
TpTrace Verbose: 0 : 40752, 7, 2023/06/02, 11:55:39.482, 3589886400582, vstest.console.dll, DotnetTestHostmanager.IsWinOnArm: Is Windows on ARM 'False'
TpTrace Verbose: 0 : 40752, 7, 2023/06/02, 11:55:39.483, 3589886401441, vstest.console.dll, DotnetTestHostManager: testhost.exe found at path: C:\Users\sebas\OneDrive\Skrivbord\Högskolan\mjuktest\labb6ochovrigt\GMI24H_Algoritmer_och_mjukvarudesign\Labb_6\Labb6\TestProject1\bin\Debug\fine-code-coverage-net7.0\testhost.exe
TpTrace Verbose: 0 : 40752, 7, 2023/06/02, 11:55:39.483, 3589886401915, vstest.console.dll, DotnetTestHostmanager: Full path of host exe is C:\Users\sebas\OneDrive\Skrivbord\Högskolan\mjuktest\labb6ochovrigt\GMI24H_Algoritmer_och_mjukvarudesign\Labb_6\Labb6\TestProject1\bin\Debug\fine-code-coverage-net7.0\testhost.exe
TpTrace Verbose: 0 : 40752, 7, 2023/06/02, 11:55:39.483, 3589886403000, vstest.console.dll, DotnetTestHostmanager.LaunchTestHostAsync: Found 'VSTEST_WINAPPHOST_DOTNET_ROOT' in env variables, value 'C:\Program Files\dotnet', forwarding to 'DOTNET_ROOT'
TpTrace Verbose: 0 : 40752, 7, 2023/06/02, 11:55:39.483, 3589886404805, vstest.console.dll, DotnetTestHostManager: Starting process 'C:\Users\sebas\OneDrive\Skrivbord\Högskolan\mjuktest\labb6ochovrigt\GMI24H_Algoritmer_och_mjukvarudesign\Labb_6\Labb6\TestProject1\bin\Debug\fine-code-coverage-net7.0\testhost.exe' with command line ' --runtimeconfig "C:\Users\sebas\OneDrive\Skrivbord\Högskolan\mjuktest\labb6ochovrigt\GMI24H_Algoritmer_och_mjukvarudesign\Labb_6\Labb6\TestProject1\bin\Debug\fine-code-coverage-net7.0\TestProject1.runtimeconfig.json" --depsfile "C:\Users\sebas\OneDrive\Skrivbord\Högskolan\mjuktest\labb6ochovrigt\GMI24H_Algoritmer_och_mjukvarudesign\Labb_6\Labb6\TestProject1\bin\Debug\fine-code-coverage-net7.0\TestProject1.deps.json" --port 62976 --endpoint 127.0.0.1:062976 --role client --parentprocessid 40752 --diag "C:\Users\sebas\OneDrive\Skrivbord\Högskolan\mjuktest\labb6ochovrigt\GMI24H_Algoritmer_och_mjukvarudesign\Labb_6\Labb6\TestProject1\bin\Debug\net7.0\fine-code-coverage\coverage-tool-output\diagnostics.host.23-06-02_11-55-39_48198_7.log" --tracelevel 4 --datacollectionport 62975 --telemetryoptedin false'
TpTrace Verbose: 0 : 40752, 7, 2023/06/02, 11:55:39.491, 3589886487221, vstest.console.dll, MulticastDelegateUtilities.SafeInvoke: HostProviderEvents.OnHostLaunched: Invoking callback 1/2 for Microsoft.VisualStudio.TestPlatform.CrossPlatEngine.Client.ProxyExecutionManagerWithDataCollection., took 1 ms.
TpTrace Verbose: 0 : 40752, 7, 2023/06/02, 11:55:39.491, 3589886490513, vstest.console.dll, Test Runtime launched
TpTrace Verbose: 0 : 40752, 7, 2023/06/02, 11:55:39.492, 3589886491609, vstest.console.dll, MulticastDelegateUtilities.SafeInvoke: HostProviderEvents.OnHostLaunched: Invoking callback 2/2 for Microsoft.VisualStudio.TestPlatform.CrossPlatEngine.Client.ProxyOperationManager., took 0 ms.
TpTrace Verbose: 0 : 40752, 7, 2023/06/02, 11:55:39.492, 3589886493483, vstest.console.dll, TestRequestSender.WaitForRequestHandlerConnection: waiting for connection with timeout: 90000.
TpTrace Verbose: 0 : 40752, 7, 2023/06/02, 11:55:39.661, 3589888191274, vstest.console.dll, TestRequestSender.WaitForRequestHandlerConnection: waiting took 169 ms, with timeout 90000 ms, and result 0, which is success.
TpTrace Verbose: 0 : 40752, 10, 2023/06/02, 11:55:39.661, 3589888191274, vstest.console.dll, MulticastDelegateUtilities.SafeInvoke: SocketServer: ClientConnected: Invoking callback 1/1 for Microsoft.VisualStudio.TestPlatform.CommunicationUtilities.TestRequestSender., took 0 ms.
TpTrace Verbose: 0 : 40752, 10, 2023/06/02, 11:55:39.662, 3589888192951, vstest.console.dll, SocketServer.OnClientConnected: Client connected for endPoint: 127.0.0.1:62976, starting MessageLoopAsync:
TpTrace Verbose: 0 : 40752, 10, 2023/06/02, 11:55:39.662, 3589888195385, vstest.console.dll, TcpClientExtensions.MessageLoopAsync: Polling on remoteEndPoint: 127.0.0.1:62977 localEndPoint: 127.0.0.1:62976
TpTrace Verbose: 0 : 40752, 7, 2023/06/02, 11:55:39.662, 3589888198481, vstest.console.dll, TestRequestSender.CheckVersionWithTestHost: Sending check version message: {"MessageType":"ProtocolVersion","Payload":7}
TpTrace Verbose: 0 : 40752, 10, 2023/06/02, 11:55:39.768, 3589889255994, vstest.console.dll, TcpClientExtensions.MessageLoopAsync: NotifyDataAvailable remoteEndPoint: 127.0.0.1:62977 localEndPoint: 127.0.0.1:62976
TpTrace Verbose: 0 : 40752, 10, 2023/06/02, 11:55:39.768, 3589889257678, vstest.console.dll, TestRequestSender.CheckVersionWithTestHost: onMessageReceived received message: (ProtocolVersion) -> {"MessageType":"ProtocolVersion","Payload":7}
TpTrace Verbose: 0 : 40752, 10, 2023/06/02, 11:55:39.769, 3589889262904, vstest.console.dll, MulticastDelegateUtilities.SafeInvoke: LengthPrefixCommunicationChannel: MessageReceived: Invoking callback 1/1 for Microsoft.VisualStudio.TestPlatform.CommunicationUtilities.TestRequestSender+<>c__DisplayClass29_0., took 0 ms.
TpTrace Verbose: 0 : 40752, 7, 2023/06/02, 11:55:39.769, 3589889263532, vstest.console.dll, TestPluginCache.GetExtensionPaths: Filtered extension paths: 
TpTrace Verbose: 0 : 40752, 7, 2023/06/02, 11:55:39.769, 3589889264121, vstest.console.dll, TestPluginCache.GetExtensionPaths: Added default extension paths: C:\Program Files\dotnet\sdk\7.0.203\Extensions\Microsoft.Diagnostics.NETCore.Client.dll
C:\Program Files\dotnet\sdk\7.0.203\Extensions\Microsoft.TestPlatform.Extensions.BlameDataCollector.dll
C:\Program Files\dotnet\sdk\7.0.203\Extensions\Microsoft.TestPlatform.Extensions.EventLogCollector.dll
C:\Program Files\dotnet\sdk\7.0.203\Extensions\Microsoft.TestPlatform.TestHostRuntimeProvider.dll
C:\Program Files\dotnet\sdk\7.0.203\Extensions\Microsoft.VisualStudio.TestPlatform.Extensions.Html.TestLogger.dll
C:\Program Files\dotnet\sdk\7.0.203\Extensions\Microsoft.VisualStudio.TestPlatform.Extensions.Trx.TestLogger.dll
TpTrace Verbose: 0 : 40752, 7, 2023/06/02, 11:55:39.769, 3589889264555, vstest.console.dll, TestPluginCache.GetExtensionPaths: Added unfilterableExtensionPaths: 
TpTrace Verbose: 0 : 40752, 10, 2023/06/02, 11:55:39.769, 3589889263549, vstest.console.dll, TcpClientExtensions.MessageLoopAsync: Polling on remoteEndPoint: 127.0.0.1:62977 localEndPoint: 127.0.0.1:62976
TpTrace Verbose: 0 : 40752, 7, 2023/06/02, 11:55:39.771, 3589889290386, vstest.console.dll, TestRequestSender.InitializeExecution: Sending initialize execution with message: {"Version":7,"MessageType":"TestExecution.Initialize","Payload":["C:\\Users\\sebas\\OneDrive\\Skrivbord\\Högskolan\\mjuktest\\labb6ochovrigt\\GMI24H_Algoritmer_och_mjukvarudesign\\Labb_6\\Labb6\\TestProject1\\bin\\Debug\\fine-code-coverage-net7.0\\NUnit3.TestAdapter.dll"]}
TpTrace Warning: 0 : 40752, 7, 2023/06/02, 11:55:39.772, 3589889294488, vstest.console.dll, InferRunSettingsHelper.MakeRunsettingsCompatible: Removing the following settings: TargetPlatform from RunSettings file. To use those settings please move to latest version of Microsoft.NET.Test.Sdk
TpTrace Verbose: 0 : 40752, 10, 2023/06/02, 11:55:39.774, 3589889311503, vstest.console.dll, TcpClientExtensions.MessageLoopAsync: NotifyDataAvailable remoteEndPoint: 127.0.0.1:62977 localEndPoint: 127.0.0.1:62976
TpTrace Verbose: 0 : 40752, 10, 2023/06/02, 11:55:39.774, 3589889314548, vstest.console.dll, TestRequestSender.OnExecutionMessageReceived: Received message: {"Version":7,"MessageType":"TestSession.Message","Payload":{"MessageLevel":0,"Message":"Logging TestHost Diagnostics in file: C:\\Users\\sebas\\OneDrive\\Skrivbord\\Högskolan\\mjuktest\\labb6ochovrigt\\GMI24H_Algoritmer_och_mjukvarudesign\\Labb_6\\Labb6\\TestProject1\\bin\\Debug\\net7.0\\fine-code-coverage\\coverage-tool-output\\diagnostics.host.23-06-02_11-55-39_48198_7.log"}}
TpTrace Verbose: 0 : 40752, 10, 2023/06/02, 11:55:39.776, 3589889334208, vstest.console.dll, TestRunRequest:SendTestRunMessage: Starting.
TpTrace Verbose: 0 : 40752, 10, 2023/06/02, 11:55:39.776, 3589889335856, vstest.console.dll, MulticastDelegateUtilities.SafeInvoke: TestRun.LogMessages: Invoking callback 1/1 for Microsoft.VisualStudio.TestPlatform.CommandLine.TestRunResultAggregator., took 0 ms.
TpTrace Verbose: 0 : 40752, 4, 2023/06/02, 11:55:39.776, 3589889336052, vstest.console.dll, MulticastDelegateUtilities.SafeInvoke: InternalTestLoggerEvents.SendTestRunMessage: Invoking callback 1/1 for Microsoft.VisualStudio.TestPlatform.CommandLine.Internal.ConsoleLogger., took 0 ms.
TpTrace Information: 0 : 40752, 10, 2023/06/02, 11:55:39.776, 3589889336543, vstest.console.dll, TestRunRequest:SendTestRunMessage: Completed.
TpTrace Verbose: 0 : 40752, 10, 2023/06/02, 11:55:39.776, 3589889337959, vstest.console.dll, MulticastDelegateUtilities.SafeInvoke: LengthPrefixCommunicationChannel: MessageReceived: Invoking callback 1/1 for Microsoft.VisualStudio.TestPlatform.CommunicationUtilities.TestRequestSender+<>c__DisplayClass34_0., took 2 ms.
TpTrace Verbose: 0 : 40752, 10, 2023/06/02, 11:55:39.776, 3589889338368, vstest.console.dll, TcpClientExtensions.MessageLoopAsync: Polling on remoteEndPoint: 127.0.0.1:62977 localEndPoint: 127.0.0.1:62976
TpTrace Verbose: 0 : 40752, 7, 2023/06/02, 11:55:39.778, 3589889356237, vstest.console.dll, TestRequestSender.StartTestRun: Sending test run with message: {"Version":7,"MessageType":"TestExecution.StartWithSources","Payload":{"AdapterSourceMap":{"_none_":["C:\\Users\\sebas\\OneDrive\\Skrivbord\\Högskolan\\mjuktest\\labb6ochovrigt\\GMI24H_Algoritmer_och_mjukvarudesign\\Labb_6\\Labb6\\TestProject1\\bin\\Debug\\fine-code-coverage-net7.0\\TestProject1.dll"]},"RunSettings":"<RunSettings>\r\n  <RunConfiguration>\r\n    <ResultsDirectory>C:\\Users\\sebas\\OneDrive\\Skrivbord\\Högskolan\\mjuktest\\labb6ochovrigt\\GMI24H_Algoritmer_och_mjukvarudesign\\Labb_6\\Labb6\\TestProject1\\bin\\Debug\\net7.0\\fine-code-coverage\\coverage-tool-output</ResultsDirectory>\r\n    <TargetFrameworkVersion>.NETCoreApp,Version=v7.0</TargetFrameworkVersion>\r\n    <DesignMode>False</DesignMode>\r\n    <CollectSourceInformation>False</CollectSourceInformation>\r\n  </RunConfiguration>\r\n  <LoggerRunSettings>\r\n    <Loggers>\r\n      <Logger friendlyName=\"blame\" enabled=\"True\" />\r\n      <Logger friendlyName=\"Console\" uri=\"logger://microsoft/TestPlatform/ConsoleLogger/v1\" assemblyQualifiedName=\"Microsoft.VisualStudio.TestPlatform.CommandLine.Internal.ConsoleLogger, vstest.console, Version=15.0.0.0, Culture=neutral, PublicKeyToken=b03f5f7f11d50a3a\" codeBase=\"C:\\Program Files\\dotnet\\sdk\\7.0.203\\vstest.console.dll\" enabled=\"True\" />\r\n    </Loggers>\r\n  </LoggerRunSettings>\r\n  <DataCollectionRunSettings>\r\n    <DataCollectors>\r\n      <DataCollector friendlyName=\"blame\" enabled=\"True\">\r\n        <Configuration>\r\n          <ResultsDirectory>C:\\Users\\sebas\\OneDrive\\Skrivbord\\Högskolan\\mjuktest\\labb6ochovrigt\\GMI24H_Algoritmer_och_mjukvarudesign\\Labb_6\\Labb6\\TestProject1\\bin\\Debug\\net7.0\\fine-code-coverage\\coverage-tool-output</ResultsDirectory>\r\n        </Configuration>\r\n      </DataCollector>\r\n    </DataCollectors>\r\n  </DataCollectionRunSettings>\r\n</RunSettings>","TestExecutionContext":{"FrequencyOfRunStatsChangeEvent":10,"RunStatsChangeEventTimeout":"00:00:01.5000000","InIsolation":false,"KeepAlive":false,"AreTestCaseLevelEventsRequired":false,"IsDebug":false,"TestCaseFilter":null,"FilterOptions":null},"Package":null}}
TpTrace Verbose: 0 : 40752, 10, 2023/06/02, 11:55:39.907, 3589890648876, vstest.console.dll, TcpClientExtensions.MessageLoopAsync: NotifyDataAvailable remoteEndPoint: 127.0.0.1:62977 localEndPoint: 127.0.0.1:62976
TpTrace Verbose: 0 : 40752, 10, 2023/06/02, 11:55:39.907, 3589890650432, vstest.console.dll, TestRequestSender.OnExecutionMessageReceived: Received message: {"Version":7,"MessageType":"TestSession.Message","Payload":{"MessageLevel":0,"Message":"NUnit Adapter 4.4.0.0: Test execution started"}}
TpTrace Verbose: 0 : 40752, 10, 2023/06/02, 11:55:39.908, 3589890653324, vstest.console.dll, TestRunRequest:SendTestRunMessage: Starting.
TpTrace Verbose: 0 : 40752, 10, 2023/06/02, 11:55:39.908, 3589890654356, vstest.console.dll, MulticastDelegateUtilities.SafeInvoke: TestRun.LogMessages: Invoking callback 1/1 for Microsoft.VisualStudio.TestPlatform.CommandLine.TestRunResultAggregator., took 0 ms.
TpTrace Verbose: 0 : 40752, 4, 2023/06/02, 11:55:39.908, 3589890654600, vstest.console.dll, MulticastDelegateUtilities.SafeInvoke: InternalTestLoggerEvents.SendTestRunMessage: Invoking callback 1/1 for Microsoft.VisualStudio.TestPlatform.CommandLine.Internal.ConsoleLogger., took 0 ms.
TpTrace Information: 0 : 40752, 10, 2023/06/02, 11:55:39.908, 3589890655559, vstest.console.dll, TestRunRequest:SendTestRunMessage: Completed.
TpTrace Verbose: 0 : 40752, 10, 2023/06/02, 11:55:39.908, 3589890656112, vstest.console.dll, MulticastDelegateUtilities.SafeInvoke: LengthPrefixCommunicationChannel: MessageReceived: Invoking callback 1/1 for Microsoft.VisualStudio.TestPlatform.CommunicationUtilities.TestRequestSender+<>c__DisplayClass34_0., took 0 ms.
TpTrace Verbose: 0 : 40752, 10, 2023/06/02, 11:55:39.908, 3589890656492, vstest.console.dll, TcpClientExtensions.MessageLoopAsync: Polling on remoteEndPoint: 127.0.0.1:62977 localEndPoint: 127.0.0.1:62976
TpTrace Verbose: 0 : 40752, 10, 2023/06/02, 11:55:39.938, 3589890956470, vstest.console.dll, TcpClientExtensions.MessageLoopAsync: NotifyDataAvailable remoteEndPoint: 127.0.0.1:62977 localEndPoint: 127.0.0.1:62976
TpTrace Verbose: 0 : 40752, 10, 2023/06/02, 11:55:39.938, 3589890958188, vstest.console.dll, TestRequestSender.OnExecutionMessageReceived: Received message: {"Version":7,"MessageType":"TestSession.Message","Payload":{"MessageLevel":0,"Message":"Running all tests in C:\\Users\\sebas\\OneDrive\\Skrivbord\\Högskolan\\mjuktest\\labb6ochovrigt\\GMI24H_Algoritmer_och_mjukvarudesign\\Labb_6\\Labb6\\TestProject1\\bin\\Debug\\fine-code-coverage-net7.0\\TestProject1.dll"}}
TpTrace Verbose: 0 : 40752, 10, 2023/06/02, 11:55:39.938, 3589890959470, vstest.console.dll, TestRunRequest:SendTestRunMessage: Starting.
TpTrace Verbose: 0 : 40752, 10, 2023/06/02, 11:55:39.938, 3589890960116, vstest.console.dll, MulticastDelegateUtilities.SafeInvoke: TestRun.LogMessages: Invoking callback 1/1 for Microsoft.VisualStudio.TestPlatform.CommandLine.TestRunResultAggregator., took 0 ms.
TpTrace Verbose: 0 : 40752, 4, 2023/06/02, 11:55:39.938, 3589890960261, vstest.console.dll, MulticastDelegateUtilities.SafeInvoke: InternalTestLoggerEvents.SendTestRunMessage: Invoking callback 1/1 for Microsoft.VisualStudio.TestPlatform.CommandLine.Internal.ConsoleLogger., took 0 ms.
TpTrace Information: 0 : 40752, 10, 2023/06/02, 11:55:39.938, 3589890960721, vstest.console.dll, TestRunRequest:SendTestRunMessage: Completed.
TpTrace Verbose: 0 : 40752, 10, 2023/06/02, 11:55:39.939, 3589890962272, vstest.console.dll, MulticastDelegateUtilities.SafeInvoke: LengthPrefixCommunicationChannel: MessageReceived: Invoking callback 1/1 for Microsoft.VisualStudio.TestPlatform.CommunicationUtilities.TestRequestSender+<>c__DisplayClass34_0., took 0 ms.
TpTrace Verbose: 0 : 40752, 10, 2023/06/02, 11:55:39.939, 3589890962862, vstest.console.dll, TcpClientExtensions.MessageLoopAsync: Polling on remoteEndPoint: 127.0.0.1:62977 localEndPoint: 127.0.0.1:62976
TpTrace Verbose: 0 : 40752, 10, 2023/06/02, 11:55:40.040, 3589891978539, vstest.console.dll, TcpClientExtensions.MessageLoopAsync: NotifyDataAvailable remoteEndPoint: 127.0.0.1:62977 localEndPoint: 127.0.0.1:62976
TpTrace Verbose: 0 : 40752, 10, 2023/06/02, 11:55:40.040, 3589891980008, vstest.console.dll, TestRequestSender.OnExecutionMessageReceived: Received message: {"Version":7,"MessageType":"TestSession.Message","Payload":{"MessageLevel":0,"Message":"   NUnit3TestExecutor discovered 8 of 8 NUnit test cases using Current Discovery mode, Non-Explicit run"}}
TpTrace Verbose: 0 : 40752, 10, 2023/06/02, 11:55:40.040, 3589891981132, vstest.console.dll, TestRunRequest:SendTestRunMessage: Starting.
TpTrace Verbose: 0 : 40752, 10, 2023/06/02, 11:55:40.041, 3589891981649, vstest.console.dll, MulticastDelegateUtilities.SafeInvoke: TestRun.LogMessages: Invoking callback 1/1 for Microsoft.VisualStudio.TestPlatform.CommandLine.TestRunResultAggregator., took 0 ms.
TpTrace Information: 0 : 40752, 10, 2023/06/02, 11:55:40.041, 3589891981923, vstest.console.dll, TestRunRequest:SendTestRunMessage: Completed.
TpTrace Verbose: 0 : 40752, 10, 2023/06/02, 11:55:40.041, 3589891982225, vstest.console.dll, MulticastDelegateUtilities.SafeInvoke: LengthPrefixCommunicationChannel: MessageReceived: Invoking callback 1/1 for Microsoft.VisualStudio.TestPlatform.CommunicationUtilities.TestRequestSender+<>c__DisplayClass34_0., took 0 ms.
TpTrace Verbose: 0 : 40752, 4, 2023/06/02, 11:55:40.041, 3589891982294, vstest.console.dll, MulticastDelegateUtilities.SafeInvoke: InternalTestLoggerEvents.SendTestRunMessage: Invoking callback 1/1 for Microsoft.VisualStudio.TestPlatform.CommandLine.Internal.ConsoleLogger., took 0 ms.
TpTrace Verbose: 0 : 40752, 10, 2023/06/02, 11:55:40.041, 3589891982518, vstest.console.dll, TcpClientExtensions.MessageLoopAsync: Polling on remoteEndPoint: 127.0.0.1:62977 localEndPoint: 127.0.0.1:62976
TpTrace Verbose: 0 : 40752, 10, 2023/06/02, 11:55:40.146, 3589893036985, vstest.console.dll, TcpClientExtensions.MessageLoopAsync: NotifyDataAvailable remoteEndPoint: 127.0.0.1:62977 localEndPoint: 127.0.0.1:62976
TpTrace Verbose: 0 : 40752, 10, 2023/06/02, 11:55:40.146, 3589893038354, vstest.console.dll, TestRequestSender.OnExecutionMessageReceived: Received message: {"Version":7,"MessageType":"TestSession.Message","Payload":{"MessageLevel":0,"Message":"NUnit Adapter 4.4.0.0: Test execution complete"}}
TpTrace Verbose: 0 : 40752, 10, 2023/06/02, 11:55:40.146, 3589893039576, vstest.console.dll, TestRunRequest:SendTestRunMessage: Starting.
TpTrace Verbose: 0 : 40752, 10, 2023/06/02, 11:55:40.146, 3589893040104, vstest.console.dll, MulticastDelegateUtilities.SafeInvoke: TestRun.LogMessages: Invoking callback 1/1 for Microsoft.VisualStudio.TestPlatform.CommandLine.TestRunResultAggregator., took 0 ms.
TpTrace Information: 0 : 40752, 10, 2023/06/02, 11:55:40.146, 3589893040375, vstest.console.dll, TestRunRequest:SendTestRunMessage: Completed.
TpTrace Verbose: 0 : 40752, 4, 2023/06/02, 11:55:40.146, 3589893040685, vstest.console.dll, MulticastDelegateUtilities.SafeInvoke: InternalTestLoggerEvents.SendTestRunMessage: Invoking callback 1/1 for Microsoft.VisualStudio.TestPlatform.CommandLine.Internal.ConsoleLogger., took 0 ms.
TpTrace Verbose: 0 : 40752, 10, 2023/06/02, 11:55:40.146, 3589893040670, vstest.console.dll, MulticastDelegateUtilities.SafeInvoke: LengthPrefixCommunicationChannel: MessageReceived: Invoking callback 1/1 for Microsoft.VisualStudio.TestPlatform.CommunicationUtilities.TestRequestSender+<>c__DisplayClass34_0., took 0 ms.
TpTrace Verbose: 0 : 40752, 10, 2023/06/02, 11:55:40.147, 3589893042119, vstest.console.dll, TcpClientExtensions.MessageLoopAsync: Polling on remoteEndPoint: 127.0.0.1:62977 localEndPoint: 127.0.0.1:62976
TpTrace Verbose: 0 : 40752, 10, 2023/06/02, 11:55:40.187, 3589893442953, vstest.console.dll, TcpClientExtensions.MessageLoopAsync: NotifyDataAvailable remoteEndPoint: 127.0.0.1:62977 localEndPoint: 127.0.0.1:62976
TpTrace Verbose: 0 : 40752, 10, 2023/06/02, 11:55:40.187, 3589893445705, vstest.console.dll, TestRequestSender.OnExecutionMessageReceived: Received message: {"Version":7,"MessageType":"TestExecution.Completed","Payload":{"TestRunCompleteArgs":{"TestRunStatistics":{"ExecutedTests":8,"Stats":{"Passed":8}},"IsCanceled":false,"IsAborted":false,"Error":null,"AttachmentSets":[],"InvokedDataCollectors":[],"ElapsedTimeInRunningTests":"00:00:00.2634788","Metrics":{},"DiscoveredExtensions":{"TestDiscoverers":["NUnit.VisualStudio.TestAdapter.NUnit3TestDiscoverer, NUnit3.TestAdapter, Version=4.4.0.0, Culture=neutral, PublicKeyToken=4cb40d35494691ac"],"TestExecutors":["executor://NUnit3TestExecutor"],"TestExecutors2":[],"TestSettingsProviders":[]}},"LastRunTests":{"NewTestResults":[{"TestCase":{"Id":"aa607a30-9bbb-c122-a546-342625288222","FullyQualifiedName":"TestProject1.TestNode.TestNodeChildren","DisplayName":"TestNodeChildren","ExecutorUri":"executor://NUnit3TestExecutor","Source":"C:\\Users\\sebas\\OneDrive\\Skrivbord\\Högskolan\\mjuktest\\labb6ochovrigt\\GMI24H_Algoritmer_och_mjukvarudesign\\Labb_6\\Labb6\\TestProject1\\bin\\Debug\\fine-code-coverage-net7.0\\TestProject1.dll","CodeFilePath":null,"LineNumber":0,"Properties":[{"Key":{"Id":"NUnit.Seed","Label":"Seed","Category":"","Description":"","Attributes":0,"ValueType":"System.String"},"Value":"1693779266"}]},"Attachments":[],"Outcome":1,"ErrorMessage":null,"ErrorStackTrace":null,"DisplayName":"TestNodeChildren","Messages":[],"ComputerName":"DESKTOP-4I3RKF7","Duration":"00:00:00.0175980","StartTime":"2023-06-02T09:55:40.0656037+00:00","EndTime":"2023-06-02T09:55:40.083112+00:00","Properties":[{"Key":{"Id":"NUnit.Seed","Label":"Seed","Category":"","Description":"","Attributes":0,"ValueType":"System.String"},"Value":"1693779266"}]},{"TestCase":{"Id":"24da3a4f-91c6-4aa2-a7e7-0b6777e82c1a","FullyQualifiedName":"TestProject1.TestNode.TestNodeParent","DisplayName":"TestNodeParent","ExecutorUri":"executor://NUnit3TestExecutor","Source":"C:\\Users\\sebas\\OneDrive\\Skrivbord\\Högskolan\\mjuktest\\labb6ochovrigt\\GMI24H_Algoritmer_och_mjukvarudesign\\Labb_6\\Labb6\\TestProject1\\bin\\Debug\\fine-code-coverage-net7.0\\TestProject1.dll","CodeFilePath":null,"LineNumber":0,"Properties":[{"Key":{"Id":"NUnit.Seed","Label":"Seed","Category":"","Description":"","Attributes":0,"ValueType":"System.String"},"Value":"622050646"}]},"Attachments":[],"Outcome":1,"ErrorMessage":null,"ErrorStackTrace":null,"DisplayName":"TestNodeParent","Messages":[],"ComputerName":"DESKTOP-4I3RKF7","Duration":"00:00:00.0005250","StartTime":"2023-06-02T09:55:40.0853386+00:00","EndTime":"2023-06-02T09:55:40.0858639+00:00","Properties":[{"Key":{"Id":"NUnit.Seed","Label":"Seed","Category":"","Description":"","Attributes":0,"ValueType":"System.String"},"Value":"622050646"}]},{"TestCase":{"Id":"7c8ad027-449d-05b5-eee8-d77f80a75115","FullyQualifiedName":"TestProject1.TestNode.TestNodeValue","DisplayName":"TestNodeValue","ExecutorUri":"executor://NUnit3TestExecutor","Source":"C:\\Users\\sebas\\OneDrive\\Skrivbord\\Högskolan\\mjuktest\\labb6ochovrigt\\GMI24H_Algoritmer_och_mjukvarudesign\\Labb_6\\Labb6\\TestProject1\\bin\\Debug\\fine-code-coverage-net7.0\\TestProject1.dll","CodeFilePath":null,"LineNumber":0,"Properties":[{"Key":{"Id":"NUnit.Seed","Label":"Seed","Category":"","Description":"","Attributes":0,"ValueType":"System.String"},"Value":"1136960723"}]},"Attachments":[],"Outcome":1,"ErrorMessage":null,"ErrorStackTrace":null,"DisplayName":"TestNodeValue","Messages":[],"ComputerName":"DESKTOP-4I3RKF7","Duration":"00:00:00.0016880","StartTime":"2023-06-02T09:55:40.0859092+00:00","EndTime":"2023-06-02T09:55:40.0875974+00:00","Properties":[{"Key":{"Id":"NUnit.Seed","Label":"Seed","Category":"","Description":"","Attributes":0,"ValueType":"System.String"},"Value":"1136960723"}]},{"TestCase":{"Id":"550f431d-ce05-7ddb-d2e3-1a49cea04816","FullyQualifiedName":"TestProject1.TestTree.TestTreeAddChild","DisplayName":"TestTreeAddChild","ExecutorUri":"executor://NUnit3TestExecutor","Source":"C:\\Users\\sebas\\OneDrive\\Skrivbord\\Högskolan\\mjuktest\\labb6ochovrigt\\GMI24H_Algoritmer_och_mjukvarudesign\\Labb_6\\Labb6\\TestProject1\\bin\\Debug\\fine-code-coverage-net7.0\\TestProject1.dll","CodeFilePath":null,"LineNumber":0,"Properties":[{"Key":{"Id":"NUnit.Seed","Label":"Seed","Category":"","Description":"","Attributes":0,"ValueType":"System.String"},"Value":"1659015812"}]},"Attachments":[],"Outcome":1,"ErrorMessage":null,"ErrorStackTrace":null,"DisplayName":"TestTreeAddChild","Messages":[],"ComputerName":"DESKTOP-4I3RKF7","Duration":"00:00:00.0012730","StartTime":"2023-06-02T09:55:40.0906154+00:00","EndTime":"2023-06-02T09:55:40.0918885+00:00","Properties":[{"Key":{"Id":"NUnit.Seed","Label":"Seed","Category":"","Description":"","Attributes":0,"ValueType":"System.String"},"Value":"1659015812"}]},{"TestCase":{"Id":"df1a66f1-fdcc-5cbe-da5d-bcc8fa37a24e","FullyQualifiedName":"TestProject1.TestTree.TestTreeAddChildExcepiton","DisplayName":"TestTreeAddChildExcepiton","ExecutorUri":"executor://NUnit3TestExecutor","Source":"C:\\Users\\sebas\\OneDrive\\Skrivbord\\Högskolan\\mjuktest\\labb6ochovrigt\\GMI24H_Algoritmer_och_mjukvarudesign\\Labb_6\\Labb6\\TestProject1\\bin\\Debug\\fine-code-coverage-net7.0\\TestProject1.dll","CodeFilePath":null,"LineNumber":0,"Properties":[{"Key":{"Id":"NUnit.Seed","Label":"Seed","Category":"","Description":"","Attributes":0,"ValueType":"System.String"},"Value":"1033954604"}]},"Attachments":[],"Outcome":1,"ErrorMessage":null,"ErrorStackTrace":null,"DisplayName":"TestTreeAddChildExcepiton","Messages":[],"ComputerName":"DESKTOP-4I3RKF7","Duration":"00:00:00.0053060","StartTime":"2023-06-02T09:55:40.0919045+00:00","EndTime":"2023-06-02T09:55:40.0972099+00:00","Properties":[{"Key":{"Id":"NUnit.Seed","Label":"Seed","Category":"","Description":"","Attributes":0,"ValueType":"System.String"},"Value":"1033954604"}]},{"TestCase":{"Id":"44e8f7e1-7db5-e1b5-691b-bc793721f2cf","FullyQualifiedName":"TestProject1.TestTree.TestTreeAddRoot","DisplayName":"TestTreeAddRoot","ExecutorUri":"executor://NUnit3TestExecutor","Source":"C:\\Users\\sebas\\OneDrive\\Skrivbord\\Högskolan\\mjuktest\\labb6ochovrigt\\GMI24H_Algoritmer_och_mjukvarudesign\\Labb_6\\Labb6\\TestProject1\\bin\\Debug\\fine-code-coverage-net7.0\\TestProject1.dll","CodeFilePath":null,"LineNumber":0,"Properties":[{"Key":{"Id":"NUnit.Seed","Label":"Seed","Category":"","Description":"","Attributes":0,"ValueType":"System.String"},"Value":"54503012"}]},"Attachments":[],"Outcome":1,"ErrorMessage":null,"ErrorStackTrace":null,"DisplayName":"TestTreeAddRoot","Messages":[],"ComputerName":"DESKTOP-4I3RKF7","Duration":"00:00:00.0001310","StartTime":"2023-06-02T09:55:40.0972275+00:00","EndTime":"2023-06-02T09:55:40.0973585+00:00","Properties":[{"Key":{"Id":"NUnit.Seed","Label":"Seed","Category":"","Description":"","Attributes":0,"ValueType":"System.String"},"Value":"54503012"}]},{"TestCase":{"Id":"616920aa-f9d0-5b88-853e-c1c585939d8f","FullyQualifiedName":"TestProject1.TestTree.TestTreeFindParent","DisplayName":"TestTreeFindParent","ExecutorUri":"executor://NUnit3TestExecutor","Source":"C:\\Users\\sebas\\OneDrive\\Skrivbord\\Högskolan\\mjuktest\\labb6ochovrigt\\GMI24H_Algoritmer_och_mjukvarudesign\\Labb_6\\Labb6\\TestProject1\\bin\\Debug\\fine-code-coverage-net7.0\\TestProject1.dll","CodeFilePath":null,"LineNumber":0,"Properties":[{"Key":{"Id":"NUnit.Seed","Label":"Seed","Category":"","Description":"","Attributes":0,"ValueType":"System.String"},"Value":"840390908"}]},"Attachments":[],"Outcome":1,"ErrorMessage":null,"ErrorStackTrace":null,"DisplayName":"TestTreeFindParent","Messages":[],"ComputerName":"DESKTOP-4I3RKF7","Duration":"00:00:00.0001530","StartTime":"2023-06-02T09:55:40.0973673+00:00","EndTime":"2023-06-02T09:55:40.0975205+00:00","Properties":[{"Key":{"Id":"NUnit.Seed","Label":"Seed","Category":"","Description":"","Attributes":0,"ValueType":"System.String"},"Value":"840390908"}]},{"TestCase":{"Id":"f952f660-f1be-32df-5c6d-7cb1f615b876","FullyQualifiedName":"TestProject1.TestTree.TestTreeRemove","DisplayName":"TestTreeRemove","ExecutorUri":"executor://NUnit3TestExecutor","Source":"C:\\Users\\sebas\\OneDrive\\Skrivbord\\Högskolan\\mjuktest\\labb6ochovrigt\\GMI24H_Algoritmer_och_mjukvarudesign\\Labb_6\\Labb6\\TestProject1\\bin\\Debug\\fine-code-coverage-net7.0\\TestProject1.dll","CodeFilePath":null,"LineNumber":0,"Properties":[{"Key":{"Id":"NUnit.Seed","Label":"Seed","Category":"","Description":"","Attributes":0,"ValueType":"System.String"},"Value":"767580201"}]},"Attachments":[],"Outcome":1,"ErrorMessage":null,"ErrorStackTrace":null,"DisplayName":"TestTreeRemove","Messages":[],"ComputerName":"DESKTOP-4I3RKF7","Duration":"00:00:00.0002670","StartTime":"2023-06-02T09:55:40.0975292+00:00","EndTime":"2023-06-02T09:55:40.0977964+00:00","Properties":[{"Key":{"Id":"NUnit.Seed","Label":"Seed","Category":"","Description":"","Attributes":0,"ValueType":"System.String"},"Value":"767580201"}]}],"TestRunStatistics":{"ExecutedTests":8,"Stats":{"Passed":8}},"ActiveTests":[]},"RunAttachments":[],"ExecutorUris":["executor://nunit3testexecutor/"]}}
TpTrace Verbose: 0 : 40752, 10, 2023/06/02, 11:55:40.187, 3589893447244, vstest.console.dll, TestRequestSender.EndSession: Sending end session.
TpTrace Verbose: 0 : 40752, 10, 2023/06/02, 11:55:40.187, 3589893448564, vstest.console.dll, ProxyOperationManager.Close: waiting for test host to exit for 100 ms
TpTrace Warning: 0 : 40752, 11, 2023/06/02, 11:55:40.203, 3589893603222, vstest.console.dll, TestHostManagerCallbacks.ErrorReceivedCallback Test host standard error line: 
TpTrace Verbose: 0 : 40752, 11, 2023/06/02, 11:55:40.210, 3589893672742, vstest.console.dll, TestHostProvider.ExitCallBack: Host exited starting callback.
TpTrace Information: 0 : 40752, 11, 2023/06/02, 11:55:40.210, 3589893674101, vstest.console.dll, TestHostManagerCallbacks.ExitCallBack: Testhost processId: 11100 exited with exitcode: 0 error: ''
TpTrace Verbose: 0 : 40752, 11, 2023/06/02, 11:55:40.210, 3589893674507, vstest.console.dll, DotnetTestHostManager.OnHostExited: invoking OnHostExited callback
TpTrace Verbose: 0 : 40752, 11, 2023/06/02, 11:55:40.210, 3589893674925, vstest.console.dll, CrossPlatEngine.TestHostManagerHostExited: calling on client process exit callback.
TpTrace Information: 0 : 40752, 11, 2023/06/02, 11:55:40.210, 3589893675375, vstest.console.dll, TestRequestSender.OnClientProcessExit: Test host process exited. Standard error: 
TpTrace Information: 0 : 40752, 11, 2023/06/02, 11:55:40.210, 3589893675703, vstest.console.dll, SocketServer.Stop: Stop server endPoint: 127.0.0.1:62976
TpTrace Information: 0 : 40752, 11, 2023/06/02, 11:55:40.210, 3589893675924, vstest.console.dll, SocketServer.Stop: Cancellation requested. Stopping message loop.
TpTrace Information: 0 : 40752, 10, 2023/06/02, 11:55:40.210, 3589893676411, vstest.console.dll, SocketServer.Stop: Stop server endPoint: 127.0.0.1:62976
TpTrace Verbose: 0 : 40752, 11, 2023/06/02, 11:55:40.210, 3589893676565, vstest.console.dll, MulticastDelegateUtilities.SafeInvoke: HostProviderEvents.OnHostExited: Invoking callback 1/1 for Microsoft.VisualStudio.TestPlatform.CrossPlatEngine.Client.ProxyOperationManager., took 0 ms.
TpTrace Information: 0 : 40752, 10, 2023/06/02, 11:55:40.210, 3589893677394, vstest.console.dll, SocketServer.Stop: Cancellation requested. Stopping message loop.
TpTrace Information: 0 : 40752, 10, 2023/06/02, 11:55:40.210, 3589893677912, vstest.console.dll, Closing the connection
TpTrace Verbose: 0 : 40752, 10, 2023/06/02, 11:55:40.210, 3589893679688, vstest.console.dll, ProxyDataCollectionManager.InvokeDataCollectionServiceAction: Starting.
TpTrace Information: 0 : 40752, 10, 2023/06/02, 11:55:40.210, 3589893680077, vstest.console.dll, ProxyDataCollectionManager.AfterTestRunEnd: Get attachment set and invoked data collectors processId: 14712 port: 62973
TpTrace Verbose: 0 : 40752, 10, 2023/06/02, 11:55:40.210, 3589893680439, vstest.console.dll, DataCollectionRequestSender.SendAfterTestRunStartAndGetResult: Send AfterTestRunEnd message with isCancelled: False
TpTrace Verbose: 0 : 40752, 10, 2023/06/02, 11:55:40.217, 3589893743430, vstest.console.dll, DataCollectionRequestSender.SendAfterTestRunStartAndGetResult: Received message: (DataCollection.AfterTestRunEndResult) -> {"MessageType":"DataCollection.AfterTestRunEndResult","Payload":{"AttachmentSets":[],"InvokedDataCollectors":[{"Uri":"datacollector://Microsoft/TestPlatform/Extensions/Blame/v1","FriendlyName":"Blame","AssemblyQualifiedName":"Microsoft.TestPlatform.Extensions.BlameDataCollector.BlameCollector, Microsoft.TestPlatform.Extensions.BlameDataCollector, Version=15.0.0.0, Culture=neutral, PublicKeyToken=b03f5f7f11d50a3a","FilePath":"C:\\Program Files\\dotnet\\sdk\\7.0.203\\Extensions\\Microsoft.TestPlatform.Extensions.BlameDataCollector.dll","HasAttachmentProcessor":false}],"Metrics":{}}}
TpTrace Warning: 0 : 40752, 9, 2023/06/02, 11:55:40.221, 3589893787286, vstest.console.dll, DataCollectionLauncher.ErrorReceivedCallback datacollector standard error line: 
TpTrace Information: 0 : 40752, 10, 2023/06/02, 11:55:40.223, 3589893804217, vstest.console.dll, ProxyDataCollectionManager.InvokeDataCollectionServiceAction: Completed.
TpTrace Information: 0 : 40752, 9, 2023/06/02, 11:55:40.227, 3589893848849, vstest.console.dll, DataCollectionLauncher.ExitCallBack: Data collector exited with exitcode: 0 error: ''
TpTrace Verbose: 0 : 40752, 10, 2023/06/02, 11:55:40.283, 3589894403997, vstest.console.dll, TestRunRequest:SendTestRunStatsChange: Starting.
TpTrace Verbose: 0 : 40752, 10, 2023/06/02, 11:55:40.283, 3589894406920, vstest.console.dll, MulticastDelegateUtilities.SafeInvoke: TestRun.RunStatsChanged: Invoking callbacks was skipped because there are no subscribers.
TpTrace Information: 0 : 40752, 10, 2023/06/02, 11:55:40.283, 3589894407304, vstest.console.dll, TestRunRequest:SendTestRunStatsChange: Completed.
TpTrace Verbose: 0 : 40752, 10, 2023/06/02, 11:55:40.283, 3589894411049, vstest.console.dll, ParallelProxyExecutionManager: HandlePartialRunComplete: Total completed clients = 1, Run complete = True, Run canceled: False.
TpTrace Verbose: 0 : 40752, 4, 2023/06/02, 11:55:40.284, 3589894421252, vstest.console.dll, MulticastDelegateUtilities.SafeInvoke: InternalTestLoggerEvents.SendTestResult: Invoking callback 1/1 for Microsoft.VisualStudio.TestPlatform.CommandLine.Internal.ConsoleLogger., took 1 ms.
TpTrace Verbose: 0 : 40752, 4, 2023/06/02, 11:55:40.285, 3589894423464, vstest.console.dll, MulticastDelegateUtilities.SafeInvoke: InternalTestLoggerEvents.SendTestResult: Invoking callback 1/1 for Microsoft.VisualStudio.TestPlatform.CommandLine.Internal.ConsoleLogger., took 0 ms.
TpTrace Verbose: 0 : 40752, 4, 2023/06/02, 11:55:40.285, 3589894424079, vstest.console.dll, MulticastDelegateUtilities.SafeInvoke: InternalTestLoggerEvents.SendTestResult: Invoking callback 1/1 for Microsoft.VisualStudio.TestPlatform.CommandLine.Internal.ConsoleLogger., took 0 ms.
TpTrace Verbose: 0 : 40752, 4, 2023/06/02, 11:55:40.285, 3589894424502, vstest.console.dll, MulticastDelegateUtilities.SafeInvoke: InternalTestLoggerEvents.SendTestResult: Invoking callback 1/1 for Microsoft.VisualStudio.TestPlatform.CommandLine.Internal.ConsoleLogger., took 0 ms.
TpTrace Verbose: 0 : 40752, 4, 2023/06/02, 11:55:40.285, 3589894424879, vstest.console.dll, MulticastDelegateUtilities.SafeInvoke: InternalTestLoggerEvents.SendTestResult: Invoking callback 1/1 for Microsoft.VisualStudio.TestPlatform.CommandLine.Internal.ConsoleLogger., took 0 ms.
TpTrace Verbose: 0 : 40752, 4, 2023/06/02, 11:55:40.285, 3589894425233, vstest.console.dll, MulticastDelegateUtilities.SafeInvoke: InternalTestLoggerEvents.SendTestResult: Invoking callback 1/1 for Microsoft.VisualStudio.TestPlatform.CommandLine.Internal.ConsoleLogger., took 0 ms.
TpTrace Verbose: 0 : 40752, 4, 2023/06/02, 11:55:40.285, 3589894425564, vstest.console.dll, MulticastDelegateUtilities.SafeInvoke: InternalTestLoggerEvents.SendTestResult: Invoking callback 1/1 for Microsoft.VisualStudio.TestPlatform.CommandLine.Internal.ConsoleLogger., took 0 ms.
TpTrace Verbose: 0 : 40752, 4, 2023/06/02, 11:55:40.285, 3589894425894, vstest.console.dll, MulticastDelegateUtilities.SafeInvoke: InternalTestLoggerEvents.SendTestResult: Invoking callback 1/1 for Microsoft.VisualStudio.TestPlatform.CommandLine.Internal.ConsoleLogger., took 0 ms.
TpTrace Verbose: 0 : 40752, 4, 2023/06/02, 11:55:40.291, 3589894489880, vstest.console.dll, MulticastDelegateUtilities.SafeInvoke: InternalTestLoggerEvents.SendTestRunComplete: Invoking callback 1/2 for Microsoft.TestPlatform.Extensions.BlameDataCollector.BlameLogger., took 0 ms.
TpTrace Verbose: 0 : 40752, 4, 2023/06/02, 11:55:40.296, 3589894535161, vstest.console.dll, MulticastDelegateUtilities.SafeInvoke: InternalTestLoggerEvents.SendTestRunComplete: Invoking callback 2/2 for Microsoft.VisualStudio.TestPlatform.CommandLine.Internal.ConsoleLogger., took 4 ms.
TpTrace Verbose: 0 : 40752, 10, 2023/06/02, 11:55:40.296, 3589894538004, vstest.console.dll, TestRunRequest:TestRunComplete: Starting. IsAborted:False IsCanceled:False.
TpTrace Verbose: 0 : 40752, 10, 2023/06/02, 11:55:40.297, 3589894549778, vstest.console.dll, TestLoggerManager.HandleTestRunComplete: Ignoring as the object is disposed.
TpTrace Verbose: 0 : 40752, 10, 2023/06/02, 11:55:40.298, 3589894551536, vstest.console.dll, MulticastDelegateUtilities.SafeInvoke: TestRun.TestRunComplete: Invoking callback 1/2 for Microsoft.VisualStudio.TestPlatform.CommandLine.TestRunResultAggregator., took 0 ms.
TpTrace Verbose: 0 : 40752, 10, 2023/06/02, 11:55:40.298, 3589894552661, vstest.console.dll, MulticastDelegateUtilities.SafeInvoke: TestRun.TestRunComplete: Invoking callback 2/2 for Microsoft.VisualStudio.TestPlatform.CommandLine.Processors.RunTestsArgumentExecutor+TestRunRequestEventsRegistrar., took 0 ms.
TpTrace Information: 0 : 40752, 10, 2023/06/02, 11:55:40.298, 3589894553385, vstest.console.dll, TestRunRequest:TestRunComplete: Completed.
TpTrace Verbose: 0 : 40752, 10, 2023/06/02, 11:55:40.298, 3589894553712, vstest.console.dll, TestRequestSender.SetOperationComplete: Setting operation complete.
TpTrace Information: 0 : 40752, 10, 2023/06/02, 11:55:40.298, 3589894553965, vstest.console.dll, SocketServer.Stop: Stop server endPoint: 127.0.0.1:62976
TpTrace Information: 0 : 40752, 10, 2023/06/02, 11:55:40.298, 3589894554180, vstest.console.dll, SocketServer.Stop: Cancellation requested. Stopping message loop.
TpTrace Verbose: 0 : 40752, 1, 2023/06/02, 11:55:40.298, 3589894554202, vstest.console.dll, TestRunRequest.Dispose: Starting.
TpTrace Information: 0 : 40752, 1, 2023/06/02, 11:55:40.298, 3589894554931, vstest.console.dll, TestRunRequest.Dispose: Completed.
TpTrace Verbose: 0 : 40752, 10, 2023/06/02, 11:55:40.298, 3589894554471, vstest.console.dll, MulticastDelegateUtilities.SafeInvoke: LengthPrefixCommunicationChannel: MessageReceived: Invoking callback 1/1 for Microsoft.VisualStudio.TestPlatform.CommunicationUtilities.TestRequestSender+<>c__DisplayClass34_0., took 110 ms.
TpTrace Information: 0 : 40752, 1, 2023/06/02, 11:55:40.298, 3589894555270, vstest.console.dll, TestRequestManager.RunTests: run tests completed.
TpTrace Information: 0 : 40752, 10, 2023/06/02, 11:55:40.298, 3589894555687, vstest.console.dll, SocketServer.PrivateStop: Stopping server endPoint: 127.0.0.1:62976 error: 
TpTrace Information: 0 : 40752, 1, 2023/06/02, 11:55:40.298, 3589894557219, vstest.console.dll, RunTestsArgumentProcessor:Execute: Test run is completed.
TpTrace Verbose: 0 : 40752, 10, 2023/06/02, 11:55:40.298, 3589894558794, vstest.console.dll, LengthPrefixCommunicationChannel.Dispose: Dispose reader and writer.
TpTrace Verbose: 0 : 40752, 1, 2023/06/02, 11:55:40.298, 3589894558818, vstest.console.dll, Executor.Execute: Exiting with exit code of 0
TpTrace Information: 0 : 40752, 10, 2023/06/02, 11:55:40.298, 3589894559350, vstest.console.dll, SocketServer.Stop: Raise disconnected event endPoint: 127.0.0.1:62976 error: 
TpTrace Verbose: 0 : 40752, 10, 2023/06/02, 11:55:40.298, 3589894560113, vstest.console.dll, TestRequestSender: OnTestRunAbort: Operation is already complete. Skip error message.
TpTrace Verbose: 0 : 40752, 10, 2023/06/02, 11:55:40.298, 3589894560513, vstest.console.dll, MulticastDelegateUtilities.SafeInvoke: SocketServer: ClientDisconnected: Invoking callback 1/1 for Microsoft.VisualStudio.TestPlatform.CommunicationUtilities.TestRequestSender., took 0 ms.
TpTrace Verbose: 0 : 40752, 10, 2023/06/02, 11:55:40.298, 3589894560750, vstest.console.dll, TcpClientExtensions.MessageLoopAsync: exiting MessageLoopAsync remoteEndPoint: 127.0.0.1:62977 localEndPoint: 127.0.0.1:62976
